<?xml version="1.0" encoding="UTF-8"?>
<robot generator="Robot 6.1.1 (Python 3.9.6 on darwin)" generated="20250504 16:23:59.732" rpa="false" schemaversion="4">
<suite id="s1" name="Api Test" source="/Users/brucelu/Documents/Robot/PJ0/Test Suites/api_test.robot">
<test id="s1-t1" name="GET 所有產品 - 預設分頁" line="16">
<kw name="Create Session" library="RequestsLibrary">
<arg>mysession</arg>
<arg>${API_BASE_URL}</arg>
<doc>Create Session: create a HTTP session to a server</doc>
<msg timestamp="20250504 16:23:59.781" level="INFO">Creating Session using : alias=mysession, url=https://api.practicesoftwaretesting.com, headers={},                     cookies={}, auth=None, timeout=None, proxies=None, verify=False,                     debug=0 </msg>
<status status="PASS" starttime="20250504 16:23:59.780" endtime="20250504 16:23:59.781"/>
</kw>
<kw name="GET On Session" library="RequestsLibrary">
<var>${response}</var>
<arg>mysession</arg>
<arg>/products</arg>
<doc>Sends a GET request on a previously created HTTP Session.</doc>
<msg timestamp="20250504 16:24:00.636" level="INFO">GET Request : url=https://api.practicesoftwaretesting.com/products 
 path_url=/products 
 headers={'User-Agent': 'python-requests/2.31.0', 'Accept-Encoding': 'gzip, deflate', 'Accept': '*/*', 'Connection': 'keep-alive'} 
 body=None 
 </msg>
<msg timestamp="20250504 16:24:00.636" level="INFO">GET Response : url=https://api.practicesoftwaretesting.com/products 
 status=200, reason=OK 
 headers={'Date': 'Sun, 04 May 2025 08:24:00 GMT', 'Server': 'Apache/2.4.52 (Ubuntu)', 'Charset': 'utf-8', 'Cache-Control': 'no-cache, private', 'Access-Control-Allow-Origin': '*', 'Access-Control-Expose-Headers': 'Content-Disposition', 'Upgrade': 'h2', 'Connection': 'Upgrade, close', 'Vary': 'Accept-Encoding', 'Content-Encoding': 'gzip', 'Content-Length': '3378', 'Content-Type': 'application/json;charset=UTF-8'} 
 body={"current_page":1,"data":[{"id":"01JTD4YSMBVYZVV6GCDWR5CM1G","name":"Combination Pliers","description":"Lorem ipsum dolor sit amet, consectetur adipiscing elit. Mauris viverra felis nec pellentesque feugiat. Donec faucibus arcu maximus, convallis nisl eu, placerat dolor. Morbi finibus neque nec tincidunt pharetra. Sed eget tortor malesuada, mollis enim id, condimentum nisi. In viverra quam at bibendum ultricies. Aliquam quis eros ex. Etiam at pretium massa, ut pharetra tortor. Sed vel metus sem. Suspendisse ac molestie turpis. Duis luctus justo massa, faucibus ornare eros elementum et. Vestibulum quis nisl vitae ante dapibus tempor auctor ut leo. Mauris consectetur et magna at ultricies. Proin a aliquet turpis.","price":14.15,"is_location_offer":false,"is_rental":false,"in_stock":true,"product_image":{"id":"01JTD4YSKBTHVF2G70R7PBW8KV","by_name":"Helinton Fantin","by_url":"https:\/\/unsplash.com\/@fantin","source_name":"Unsplash","source_url":"https:\/\/unsplash.com\/photos\/W8BNwvOvW4M","file_name":"pliers01.avif","title":"Combination pliers"},"category":{"id":"01JTD4YSJWKYCN5ZG3G9FQHR69","name":"Pliers","slug":"pliers","parent_id":"01JTD4YSJGGCNKNV9RW9R9679S"},"brand":{"id":"01JTD4YSHN8DEFG2M7GFKJPWWY","name":"ForgeFlex Tools","slug":"forgeflex-tools"}},{"id":"01JTD4YSME4DPZ6YJGGD6ZZZNX","name":"Pliers","description":"Nunc vulputate, orci at congue faucibus, enim neque sodales nulla, nec imperdiet augue odio vel nibh. Etiam auctor, ligula quis gravida dictum, mi massa commodo ante, sollicitudin pulvinar nulla justo hendrerit lacus. Vivamus rutrum pharetra molestie. Fusce tristique odio tristique, elementum est eget, porttitor diam. Orci varius natoque penatibus et magnis dis parturient montes, nascetur ridiculus mus. Maecenas at ligula sed sapien porta pretium. Aenean cursus, magna in blandit consectetur, libero orci aliquet eros, et maximus nunc est eu dolor. Aenean non pellentesque eros. In sodales orci eget orci fringilla, vitae feugiat elit porta. Etiam aliquam, mi pretium tempus mattis, mauris ipsum gravida risus, at tempor nulla ipsum molestie ligula. Ut placerat, urna sit amet tincidunt volutpat, ex orci luctus purus, nec laoreet dolor sapien vel erat.","price":12.01,"is_location_offer":false,"is_rental":false,"in_stock":true,"product_image":{"id":"01JTD4YSKBTHVF2G70R7PBW8KW","by_name":"Everyday basics","by_url":"https:\/\/unsplash.com\/@zanardi","source_name":"Unsplash","source_url":"https:\/\/unsplash.com\/photos\/I8eTuMmxIfo","file_name":"pliers02.avif","title":"Pliers"},"category":{"id":"01JTD4YSJWKYCN5ZG3G9FQHR69","name":"Pliers","slug":"pliers","parent_id":"01JTD4YSJGGCNKNV9RW9R9679S"},"brand":{"id":"01JTD4YSHN8DEFG2M7GFKJPWWY","name":"ForgeFlex Tools","slug":"forgeflex-tools"}},{"id":"01JTD4YSMGRWPW72JTX5DVVSG0","name":"Bolt Cutters","description":"Aliquam viverra scelerisque tempus. Ut vehicula, ex sed elementum rhoncus, sem neque vehicula turpis, sit amet accumsan mauris justo non magna. Cras ut vulputate lectus, sit amet sollicitudin enim. Quisque sit amet turpis ut orci pulvinar vestibulum non at velit. Quisque ultrices malesuada felis non rutrum. Sed molestie lobortis nisl, in varius arcu dictum vel. In sit amet fringilla orci. Quisque ac magna dui. Nam pulvinar nulla sed commodo ultricies. Suspendisse aliquet quis eros sit amet gravida. Aenean vitae arcu in sapien sodales commodo.","price":48.41,"is_location_offer":true,"is_rental":false,"in_stock":true,"product_image":{"id":"01JTD4YSKBTHVF2G70R7PBW8KX","by_name":"Michael Dziedzic","by_url":"https:\/\/unsplash.com\/@lazycreekimages","source_name":"Unsplash","source_url":"https:\/\/unsplash.com\/photos\/pM9pkc9J918","file_name":"pliers03.avif","title":"Bolt cutters"},"category":{"id":"01JTD4YSJWKYCN5ZG3G9FQHR69","name":"Pliers","slug":"pliers","parent_id":"01JTD4YSJGGCNKNV9RW9R9679S"},"brand":{"id":"01JTD4YSHN8DEFG2M7GFKJPWWZ","name":"MightyCraft Hardware","slug":"mightycraft-hardware"}},{"id":"01JTD4YSMJDSJX3539NQ54ZE03","name":"Long Nose Pliers","description":"Phasellus consequat fermentum quam id sodales. Curabitur nec dui orci. Fusce id turpis laoreet, lobortis ex non, finibus libero. Vivamus id enim eu nibh placerat maximus. Aenean semper dui a laoreet venenatis. Vestibulum at ligula quam. Donec interdum tristique neque lacinia laoreet. Sed auctor fermentum congue. Integer aliquet vulputate feugiat. Quisque malesuada diam iaculis ornare maximus. Mauris quam massa, sodales at mattis non, consectetur eget magna. Aliquam eget congue metus, sed congue leo. Nam sit amet est id ligula volutpat pharetra non id nisl. Vestibulum ac enim vitae nisi tempus cursus. Aliquam erat volutpat.","price":14.24,"is_location_offer":false,"is_rental":false,"in_stock":false,"product_image":{"id":"01JTD4YSKBTHVF2G70R7PBW8KY","by_name":"Brett Jordan","by_url":"https:\/\/unsplash.com\/@brett_jordan","source_name":"Unsplash","source_url":"https:\/\/unsplash.com\/photos\/GamuDTVm02g","file_name":"pliers04.avif","title":"Long nose pliers"},"category":{"id":"01JTD4YSJWKYCN5ZG3G9FQHR69","name":"Pliers","slug":"pliers","parent_id":"01JTD4YSJGGCNKNV9RW9R9679S"},"brand":{"id":"01JTD4YSHN8DEFG2M7GFKJPWWZ","name":"MightyCraft Hardware","slug":"mightycraft-hardware"}},{"id":"01JTD4YSMMS9J92KFXFP7AK3K1","name":"Slip Joint Pliers","description":"Ut cursus dui non ante convallis, facilisis auctor leo luctus. Maecenas a rhoncus metus. Sed in efficitur dolor, vulputate accumsan odio. Sed ex quam, dictum in fringilla at, vestibulum eu sem. Quisque ante orci, vulputate non porttitor eu, aliquet et nunc. Nunc a rhoncus dui. Nunc ac est non eros scelerisque maximus at a eros. Phasellus sed egestas diam, at tempus erat. Morbi sit amet congue tellus, at accumsan magna. Etiam non ornare nisl, sed luctus nisi. Pellentesque ut odio ut sapien aliquet eleifend.","price":9.17,"is_location_offer":false,"is_rental":false,"in_stock":true,"product_image":{"id":"01JTD4YSKBTHVF2G70R7PBW8KZ","by_name":"Yasin Hasan","by_url":"https:\/\/unsplash.com\/@yasin","source_name":"Unsplash","source_url":"https:\/\/unsplash.com\/photos\/dwlxTSpfKXg","file_name":"pliers05.avif","title":"Slip joint pliers"},"category":{"id":"01JTD4YSJWKYCN5ZG3G9FQHR69","name":"Pliers","slug":"pliers","parent_id":"01JTD4YSJGGCNKNV9RW9R9679S"},"brand":{"id":"01JTD4YSHN8DEFG2M7GFKJPWWZ","name":"MightyCraft Hardware","slug":"mightycraft-hardware"}},{"id":"01JTD4YSMP9QMETZ97DXTQCWWD","name":"Claw Hammer with Shock Reduction Grip","description":"Nam efficitur, turpis molestie bibendum lobortis, risus arcu congue tortor, id consequat nibh sem a libero. Pellentesque habitant morbi tristique senectus et netus et malesuada fames ac turpis egestas. Aenean non tincidunt tortor, vel ultricies tortor. Vivamus pulvinar efficitur arcu sit amet accumsan. Aenean dui erat, bibendum at dapibus in, feugiat non eros. Duis sodales felis ex, quis ullamcorper odio interdum non. Ut viverra magna eu augue luctus, quis convallis lectus auctor. Duis ultrices erat urna. Aliquam augue odio, mattis vitae finibus in, pellentesque nec dui. Curabitur nec odio in augue posuere posuere. Vivamus ante est, iaculis ut interdum et, hendrerit ac ante. Fusce ac venenatis neque, id fermentum nulla. Quisque tristique ornare nisi, vitae convallis dui faucibus quis. Vestibulum vel dapibus dolor.","price":13.41,"is_location_offer":true,"is_rental":false,"in_stock":true,"product_image":{"id":"01JTD4YSKBTHVF2G70R7PBW8M0","by_name":"iMattSmart","by_url":"https:\/\/unsplash.com\/@imattsmart","source_name":"Unsplash","source_url":"https:\/\/unsplash.com\/photos\/jaLaLQdkBOE","file_name":"hammer01.avif","title":"Claw Hammer"},"category":{"id":"01JTD4YSJWKYCN5ZG3G9FQHR65","name":"Hammer","slug":"hammer","parent_id":"01JTD4YSJGGCNKNV9RW9R9679S"},"brand":{"id":"01JTD4YSHN8DEFG2M7GFKJPWWY","name":"ForgeFlex Tools","slug":"forgeflex-tools"}},{"id":"01JTD4YSMR58RXQTKGD69YK3NP","name":"Hammer","description":"Mauris mollis odio est, ac vehicula dui lobortis vel. Cras facilisis, mauris ut vehicula dignissim, ex nunc sollicitudin velit, a fermentum mi odio ut massa. Lorem ipsum dolor sit amet, consectetur adipiscing elit. Praesent a sapien vel libero fermentum rhoncus. Etiam ac imperdiet arcu, ac accumsan risus. Fusce vitae lacinia sem, sit amet sagittis lorem. Curabitur efficitur ultricies sem, eu placerat ante tincidunt a. Morbi faucibus ullamcorper mi a mollis. Aenean sed magna aliquam, mollis dui at, condimentum ex. Donec blandit bibendum enim, lacinia vestibulum tellus laoreet sollicitudin. In vitae ullamcorper metus, ut interdum augue. Class aptent taciti sociosqu ad litora torquent per conubia nostra, per inceptos himenaeos. Nullam scelerisque dignissim varius. Nulla facilisi. Praesent eros dolor, ultricies sit amet pellentesque porttitor, pretium ut lectus. Nullam tempus tellus sapien, non condimentum mauris volutpat eget.","price":12.58,"is_location_offer":false,"is_rental":false,"in_stock":true,"product_image":{"id":"01JTD4YSKBTHVF2G70R7PBW8M1","by_name":"Jozsef Hocza","by_url":"https:\/\/unsplash.com\/@hocza","source_name":"Unsplash","source_url":"https:\/\/unsplash.com\/photos\/D3nouOYbALc","file_name":"hammer02.avif","title":"Hammer"},"category":{"id":"01JTD4YSJWKYCN5ZG3G9FQHR65","name":"Hammer","slug":"hammer","parent_id":"01JTD4YSJGGCNKNV9RW9R9679S"},"brand":{"id":"01JTD4YSHN8DEFG2M7GFKJPWWY","name":"ForgeFlex Tools","slug":"forgeflex-tools"}},{"id":"01JTD4YSMS8Q094G1P4MQHNCV4","name":"Claw Hammer","description":"Cras pulvinar nisl a quam fringilla tempus. Sed lectus urna, mattis quis arcu eget, aliquam laoreet mauris. Praesent accumsan facilisis eros, ac mattis nulla interdum nec. Phasellus ultrices eu metus in lobortis. Donec ac efficitur orci. Phasellus nulla neque, congue nec tincidunt id, ultrices vel sapien. Curabitur gravida ex leo, laoreet mollis arcu blandit vel.","price":11.48,"is_location_offer":true,"is_rental":false,"in_stock":true,"product_image":{"id":"01JTD4YSKBTHVF2G70R7PBW8M2","by_name":"Andrew George","by_url":"https:\/\/unsplash.com\/@andrewjoegeorge","... (set the log level to DEBUG or TRACE to see the full content) 
 </msg>
<msg timestamp="20250504 16:24:00.637" level="INFO">/Users/brucelu/Library/Python/3.9/lib/python/site-packages/urllib3/connectionpool.py:1013: InsecureRequestWarning: Unverified HTTPS request is being made to host 'api.practicesoftwaretesting.com'. Adding certificate verification is strongly advised. See: https://urllib3.readthedocs.io/en/1.26.x/advanced-usage.html#ssl-warnings
  warnings.warn(</msg>
<msg timestamp="20250504 16:24:00.637" level="INFO">${response} = &lt;Response [200]&gt;</msg>
<status status="PASS" starttime="20250504 16:23:59.781" endtime="20250504 16:24:00.637"/>
</kw>
<kw name="Should Be Equal As Integers" library="BuiltIn">
<arg>${response.status_code}</arg>
<arg>200</arg>
<arg>msg=Expected 200, got ${response.status_code}. Response: ${response.text}</arg>
<doc>Fails if objects are unequal after converting them to integers.</doc>
<msg timestamp="20250504 16:24:00.640" level="INFO">Argument types are:
&lt;class 'int'&gt;
&lt;class 'str'&gt;</msg>
<status status="PASS" starttime="20250504 16:24:00.638" endtime="20250504 16:24:00.640"/>
</kw>
<kw name="Convert String To Json" library="JSONLibrary">
<var>${response_json}</var>
<arg>${response.text}</arg>
<doc>Convert String to JSON object</doc>
<msg timestamp="20250504 16:24:00.641" level="INFO">${response_json} = {'current_page': 1, 'data': [{'id': '01JTD4YSMBVYZVV6GCDWR5CM1G', 'name': 'Combination Pliers', 'description': 'Lorem ipsum dolor sit amet, consectetur adipiscing elit. Mauris viverra felis nec pellen...</msg>
<status status="PASS" starttime="20250504 16:24:00.640" endtime="20250504 16:24:00.641"/>
</kw>
<kw name="Dictionary Should Contain Key" library="Collections">
<arg>${response_json}</arg>
<arg>current_page</arg>
<doc>Fails if ``key`` is not found from ``dictionary``.</doc>
<status status="PASS" starttime="20250504 16:24:00.641" endtime="20250504 16:24:00.641"/>
</kw>
<kw name="Dictionary Should Contain Key" library="Collections">
<arg>${response_json}</arg>
<arg>data</arg>
<doc>Fails if ``key`` is not found from ``dictionary``.</doc>
<status status="PASS" starttime="20250504 16:24:00.641" endtime="20250504 16:24:00.641"/>
</kw>
<kw name="Dictionary Should Contain Key" library="Collections">
<arg>${response_json}</arg>
<arg>from</arg>
<doc>Fails if ``key`` is not found from ``dictionary``.</doc>
<status status="PASS" starttime="20250504 16:24:00.642" endtime="20250504 16:24:00.642"/>
</kw>
<kw name="Dictionary Should Contain Key" library="Collections">
<arg>${response_json}</arg>
<arg>last_page</arg>
<doc>Fails if ``key`` is not found from ``dictionary``.</doc>
<status status="PASS" starttime="20250504 16:24:00.642" endtime="20250504 16:24:00.642"/>
</kw>
<kw name="Dictionary Should Contain Key" library="Collections">
<arg>${response_json}</arg>
<arg>per_page</arg>
<doc>Fails if ``key`` is not found from ``dictionary``.</doc>
<status status="PASS" starttime="20250504 16:24:00.642" endtime="20250504 16:24:00.642"/>
</kw>
<kw name="Dictionary Should Contain Key" library="Collections">
<arg>${response_json}</arg>
<arg>to</arg>
<doc>Fails if ``key`` is not found from ``dictionary``.</doc>
<status status="PASS" starttime="20250504 16:24:00.642" endtime="20250504 16:24:00.643"/>
</kw>
<kw name="Dictionary Should Contain Key" library="Collections">
<arg>${response_json}</arg>
<arg>total</arg>
<doc>Fails if ``key`` is not found from ``dictionary``.</doc>
<status status="PASS" starttime="20250504 16:24:00.643" endtime="20250504 16:24:00.643"/>
</kw>
<kw name="Dictionary Should Contain Key" library="Collections">
<arg>${response_json}</arg>
<arg>data</arg>
<doc>Fails if ``key`` is not found from ``dictionary``.</doc>
<status status="PASS" starttime="20250504 16:24:00.643" endtime="20250504 16:24:00.644"/>
</kw>
<kw name="Get Value From Json" library="JSONLibrary">
<var>${data_list}</var>
<arg>${response_json}</arg>
<arg>data</arg>
<doc>Get Value From JSON using JSONPath</doc>
<msg timestamp="20250504 16:24:00.678" level="INFO">${data_list} = [[{'id': '01JTD4YSMBVYZVV6GCDWR5CM1G', 'name': 'Combination Pliers', 'description': 'Lorem ipsum dolor sit amet, consectetur adipiscing elit. Mauris viverra felis nec pellentesque feugiat. Donec fauci...</msg>
<status status="PASS" starttime="20250504 16:24:00.644" endtime="20250504 16:24:00.678"/>
</kw>
<kw name="Should Not Be Empty" library="BuiltIn">
<arg>${data_list}</arg>
<arg>msg=Data array should not be empty for default GET products.</arg>
<doc>Verifies that the given item is not empty.</doc>
<msg timestamp="20250504 16:24:00.678" level="INFO">Length is 1</msg>
<status status="PASS" starttime="20250504 16:24:00.678" endtime="20250504 16:24:00.678"/>
</kw>
<doc>GET 所有產品 - 預設分頁</doc>
<tag>case1</tag>
<status status="PASS" starttime="20250504 16:23:59.780" endtime="20250504 16:24:00.678"/>
</test>
<test id="s1-t2" name="GET 單一產品 - 有效 ID" line="41">
<kw name="Create Session" library="RequestsLibrary">
<arg>mysession</arg>
<arg>${API_BASE_URL}</arg>
<doc>Create Session: create a HTTP session to a server</doc>
<msg timestamp="20250504 16:24:00.680" level="INFO">Creating Session using : alias=mysession, url=https://api.practicesoftwaretesting.com, headers={},                     cookies={}, auth=None, timeout=None, proxies=None, verify=False,                     debug=0 </msg>
<status status="PASS" starttime="20250504 16:24:00.679" endtime="20250504 16:24:00.680"/>
</kw>
<kw name="GET On Session" library="RequestsLibrary">
<var>${response}</var>
<arg>mysession</arg>
<arg>/products</arg>
<doc>Sends a GET request on a previously created HTTP Session.</doc>
<msg timestamp="20250504 16:24:01.587" level="INFO">GET Request : url=https://api.practicesoftwaretesting.com/products 
 path_url=/products 
 headers={'User-Agent': 'python-requests/2.31.0', 'Accept-Encoding': 'gzip, deflate', 'Accept': '*/*', 'Connection': 'keep-alive'} 
 body=None 
 </msg>
<msg timestamp="20250504 16:24:01.588" level="INFO">GET Response : url=https://api.practicesoftwaretesting.com/products 
 status=200, reason=OK 
 headers={'Date': 'Sun, 04 May 2025 08:24:01 GMT', 'Server': 'Apache/2.4.52 (Ubuntu)', 'Charset': 'utf-8', 'Cache-Control': 'no-cache, private', 'Access-Control-Allow-Origin': '*', 'Access-Control-Expose-Headers': 'Content-Disposition', 'Upgrade': 'h2', 'Connection': 'Upgrade, close', 'Vary': 'Accept-Encoding', 'Content-Encoding': 'gzip', 'Content-Length': '3378', 'Content-Type': 'application/json;charset=UTF-8'} 
 body={"current_page":1,"data":[{"id":"01JTD4YSMBVYZVV6GCDWR5CM1G","name":"Combination Pliers","description":"Lorem ipsum dolor sit amet, consectetur adipiscing elit. Mauris viverra felis nec pellentesque feugiat. Donec faucibus arcu maximus, convallis nisl eu, placerat dolor. Morbi finibus neque nec tincidunt pharetra. Sed eget tortor malesuada, mollis enim id, condimentum nisi. In viverra quam at bibendum ultricies. Aliquam quis eros ex. Etiam at pretium massa, ut pharetra tortor. Sed vel metus sem. Suspendisse ac molestie turpis. Duis luctus justo massa, faucibus ornare eros elementum et. Vestibulum quis nisl vitae ante dapibus tempor auctor ut leo. Mauris consectetur et magna at ultricies. Proin a aliquet turpis.","price":14.15,"is_location_offer":false,"is_rental":false,"in_stock":true,"product_image":{"id":"01JTD4YSKBTHVF2G70R7PBW8KV","by_name":"Helinton Fantin","by_url":"https:\/\/unsplash.com\/@fantin","source_name":"Unsplash","source_url":"https:\/\/unsplash.com\/photos\/W8BNwvOvW4M","file_name":"pliers01.avif","title":"Combination pliers"},"category":{"id":"01JTD4YSJWKYCN5ZG3G9FQHR69","name":"Pliers","slug":"pliers","parent_id":"01JTD4YSJGGCNKNV9RW9R9679S"},"brand":{"id":"01JTD4YSHN8DEFG2M7GFKJPWWY","name":"ForgeFlex Tools","slug":"forgeflex-tools"}},{"id":"01JTD4YSME4DPZ6YJGGD6ZZZNX","name":"Pliers","description":"Nunc vulputate, orci at congue faucibus, enim neque sodales nulla, nec imperdiet augue odio vel nibh. Etiam auctor, ligula quis gravida dictum, mi massa commodo ante, sollicitudin pulvinar nulla justo hendrerit lacus. Vivamus rutrum pharetra molestie. Fusce tristique odio tristique, elementum est eget, porttitor diam. Orci varius natoque penatibus et magnis dis parturient montes, nascetur ridiculus mus. Maecenas at ligula sed sapien porta pretium. Aenean cursus, magna in blandit consectetur, libero orci aliquet eros, et maximus nunc est eu dolor. Aenean non pellentesque eros. In sodales orci eget orci fringilla, vitae feugiat elit porta. Etiam aliquam, mi pretium tempus mattis, mauris ipsum gravida risus, at tempor nulla ipsum molestie ligula. Ut placerat, urna sit amet tincidunt volutpat, ex orci luctus purus, nec laoreet dolor sapien vel erat.","price":12.01,"is_location_offer":false,"is_rental":false,"in_stock":true,"product_image":{"id":"01JTD4YSKBTHVF2G70R7PBW8KW","by_name":"Everyday basics","by_url":"https:\/\/unsplash.com\/@zanardi","source_name":"Unsplash","source_url":"https:\/\/unsplash.com\/photos\/I8eTuMmxIfo","file_name":"pliers02.avif","title":"Pliers"},"category":{"id":"01JTD4YSJWKYCN5ZG3G9FQHR69","name":"Pliers","slug":"pliers","parent_id":"01JTD4YSJGGCNKNV9RW9R9679S"},"brand":{"id":"01JTD4YSHN8DEFG2M7GFKJPWWY","name":"ForgeFlex Tools","slug":"forgeflex-tools"}},{"id":"01JTD4YSMGRWPW72JTX5DVVSG0","name":"Bolt Cutters","description":"Aliquam viverra scelerisque tempus. Ut vehicula, ex sed elementum rhoncus, sem neque vehicula turpis, sit amet accumsan mauris justo non magna. Cras ut vulputate lectus, sit amet sollicitudin enim. Quisque sit amet turpis ut orci pulvinar vestibulum non at velit. Quisque ultrices malesuada felis non rutrum. Sed molestie lobortis nisl, in varius arcu dictum vel. In sit amet fringilla orci. Quisque ac magna dui. Nam pulvinar nulla sed commodo ultricies. Suspendisse aliquet quis eros sit amet gravida. Aenean vitae arcu in sapien sodales commodo.","price":48.41,"is_location_offer":true,"is_rental":false,"in_stock":true,"product_image":{"id":"01JTD4YSKBTHVF2G70R7PBW8KX","by_name":"Michael Dziedzic","by_url":"https:\/\/unsplash.com\/@lazycreekimages","source_name":"Unsplash","source_url":"https:\/\/unsplash.com\/photos\/pM9pkc9J918","file_name":"pliers03.avif","title":"Bolt cutters"},"category":{"id":"01JTD4YSJWKYCN5ZG3G9FQHR69","name":"Pliers","slug":"pliers","parent_id":"01JTD4YSJGGCNKNV9RW9R9679S"},"brand":{"id":"01JTD4YSHN8DEFG2M7GFKJPWWZ","name":"MightyCraft Hardware","slug":"mightycraft-hardware"}},{"id":"01JTD4YSMJDSJX3539NQ54ZE03","name":"Long Nose Pliers","description":"Phasellus consequat fermentum quam id sodales. Curabitur nec dui orci. Fusce id turpis laoreet, lobortis ex non, finibus libero. Vivamus id enim eu nibh placerat maximus. Aenean semper dui a laoreet venenatis. Vestibulum at ligula quam. Donec interdum tristique neque lacinia laoreet. Sed auctor fermentum congue. Integer aliquet vulputate feugiat. Quisque malesuada diam iaculis ornare maximus. Mauris quam massa, sodales at mattis non, consectetur eget magna. Aliquam eget congue metus, sed congue leo. Nam sit amet est id ligula volutpat pharetra non id nisl. Vestibulum ac enim vitae nisi tempus cursus. Aliquam erat volutpat.","price":14.24,"is_location_offer":false,"is_rental":false,"in_stock":false,"product_image":{"id":"01JTD4YSKBTHVF2G70R7PBW8KY","by_name":"Brett Jordan","by_url":"https:\/\/unsplash.com\/@brett_jordan","source_name":"Unsplash","source_url":"https:\/\/unsplash.com\/photos\/GamuDTVm02g","file_name":"pliers04.avif","title":"Long nose pliers"},"category":{"id":"01JTD4YSJWKYCN5ZG3G9FQHR69","name":"Pliers","slug":"pliers","parent_id":"01JTD4YSJGGCNKNV9RW9R9679S"},"brand":{"id":"01JTD4YSHN8DEFG2M7GFKJPWWZ","name":"MightyCraft Hardware","slug":"mightycraft-hardware"}},{"id":"01JTD4YSMMS9J92KFXFP7AK3K1","name":"Slip Joint Pliers","description":"Ut cursus dui non ante convallis, facilisis auctor leo luctus. Maecenas a rhoncus metus. Sed in efficitur dolor, vulputate accumsan odio. Sed ex quam, dictum in fringilla at, vestibulum eu sem. Quisque ante orci, vulputate non porttitor eu, aliquet et nunc. Nunc a rhoncus dui. Nunc ac est non eros scelerisque maximus at a eros. Phasellus sed egestas diam, at tempus erat. Morbi sit amet congue tellus, at accumsan magna. Etiam non ornare nisl, sed luctus nisi. Pellentesque ut odio ut sapien aliquet eleifend.","price":9.17,"is_location_offer":false,"is_rental":false,"in_stock":true,"product_image":{"id":"01JTD4YSKBTHVF2G70R7PBW8KZ","by_name":"Yasin Hasan","by_url":"https:\/\/unsplash.com\/@yasin","source_name":"Unsplash","source_url":"https:\/\/unsplash.com\/photos\/dwlxTSpfKXg","file_name":"pliers05.avif","title":"Slip joint pliers"},"category":{"id":"01JTD4YSJWKYCN5ZG3G9FQHR69","name":"Pliers","slug":"pliers","parent_id":"01JTD4YSJGGCNKNV9RW9R9679S"},"brand":{"id":"01JTD4YSHN8DEFG2M7GFKJPWWZ","name":"MightyCraft Hardware","slug":"mightycraft-hardware"}},{"id":"01JTD4YSMP9QMETZ97DXTQCWWD","name":"Claw Hammer with Shock Reduction Grip","description":"Nam efficitur, turpis molestie bibendum lobortis, risus arcu congue tortor, id consequat nibh sem a libero. Pellentesque habitant morbi tristique senectus et netus et malesuada fames ac turpis egestas. Aenean non tincidunt tortor, vel ultricies tortor. Vivamus pulvinar efficitur arcu sit amet accumsan. Aenean dui erat, bibendum at dapibus in, feugiat non eros. Duis sodales felis ex, quis ullamcorper odio interdum non. Ut viverra magna eu augue luctus, quis convallis lectus auctor. Duis ultrices erat urna. Aliquam augue odio, mattis vitae finibus in, pellentesque nec dui. Curabitur nec odio in augue posuere posuere. Vivamus ante est, iaculis ut interdum et, hendrerit ac ante. Fusce ac venenatis neque, id fermentum nulla. Quisque tristique ornare nisi, vitae convallis dui faucibus quis. Vestibulum vel dapibus dolor.","price":13.41,"is_location_offer":true,"is_rental":false,"in_stock":true,"product_image":{"id":"01JTD4YSKBTHVF2G70R7PBW8M0","by_name":"iMattSmart","by_url":"https:\/\/unsplash.com\/@imattsmart","source_name":"Unsplash","source_url":"https:\/\/unsplash.com\/photos\/jaLaLQdkBOE","file_name":"hammer01.avif","title":"Claw Hammer"},"category":{"id":"01JTD4YSJWKYCN5ZG3G9FQHR65","name":"Hammer","slug":"hammer","parent_id":"01JTD4YSJGGCNKNV9RW9R9679S"},"brand":{"id":"01JTD4YSHN8DEFG2M7GFKJPWWY","name":"ForgeFlex Tools","slug":"forgeflex-tools"}},{"id":"01JTD4YSMR58RXQTKGD69YK3NP","name":"Hammer","description":"Mauris mollis odio est, ac vehicula dui lobortis vel. Cras facilisis, mauris ut vehicula dignissim, ex nunc sollicitudin velit, a fermentum mi odio ut massa. Lorem ipsum dolor sit amet, consectetur adipiscing elit. Praesent a sapien vel libero fermentum rhoncus. Etiam ac imperdiet arcu, ac accumsan risus. Fusce vitae lacinia sem, sit amet sagittis lorem. Curabitur efficitur ultricies sem, eu placerat ante tincidunt a. Morbi faucibus ullamcorper mi a mollis. Aenean sed magna aliquam, mollis dui at, condimentum ex. Donec blandit bibendum enim, lacinia vestibulum tellus laoreet sollicitudin. In vitae ullamcorper metus, ut interdum augue. Class aptent taciti sociosqu ad litora torquent per conubia nostra, per inceptos himenaeos. Nullam scelerisque dignissim varius. Nulla facilisi. Praesent eros dolor, ultricies sit amet pellentesque porttitor, pretium ut lectus. Nullam tempus tellus sapien, non condimentum mauris volutpat eget.","price":12.58,"is_location_offer":false,"is_rental":false,"in_stock":true,"product_image":{"id":"01JTD4YSKBTHVF2G70R7PBW8M1","by_name":"Jozsef Hocza","by_url":"https:\/\/unsplash.com\/@hocza","source_name":"Unsplash","source_url":"https:\/\/unsplash.com\/photos\/D3nouOYbALc","file_name":"hammer02.avif","title":"Hammer"},"category":{"id":"01JTD4YSJWKYCN5ZG3G9FQHR65","name":"Hammer","slug":"hammer","parent_id":"01JTD4YSJGGCNKNV9RW9R9679S"},"brand":{"id":"01JTD4YSHN8DEFG2M7GFKJPWWY","name":"ForgeFlex Tools","slug":"forgeflex-tools"}},{"id":"01JTD4YSMS8Q094G1P4MQHNCV4","name":"Claw Hammer","description":"Cras pulvinar nisl a quam fringilla tempus. Sed lectus urna, mattis quis arcu eget, aliquam laoreet mauris. Praesent accumsan facilisis eros, ac mattis nulla interdum nec. Phasellus ultrices eu metus in lobortis. Donec ac efficitur orci. Phasellus nulla neque, congue nec tincidunt id, ultrices vel sapien. Curabitur gravida ex leo, laoreet mollis arcu blandit vel.","price":11.48,"is_location_offer":true,"is_rental":false,"in_stock":true,"product_image":{"id":"01JTD4YSKBTHVF2G70R7PBW8M2","by_name":"Andrew George","by_url":"https:\/\/unsplash.com\/@andrewjoegeorge","... (set the log level to DEBUG or TRACE to see the full content) 
 </msg>
<msg timestamp="20250504 16:24:01.588" level="INFO">/Users/brucelu/Library/Python/3.9/lib/python/site-packages/urllib3/connectionpool.py:1013: InsecureRequestWarning: Unverified HTTPS request is being made to host 'api.practicesoftwaretesting.com'. Adding certificate verification is strongly advised. See: https://urllib3.readthedocs.io/en/1.26.x/advanced-usage.html#ssl-warnings
  warnings.warn(</msg>
<msg timestamp="20250504 16:24:01.588" level="INFO">${response} = &lt;Response [200]&gt;</msg>
<status status="PASS" starttime="20250504 16:24:00.680" endtime="20250504 16:24:01.588"/>
</kw>
<kw name="Should Be Equal As Integers" library="BuiltIn">
<arg>${response.status_code}</arg>
<arg>200</arg>
<doc>Fails if objects are unequal after converting them to integers.</doc>
<msg timestamp="20250504 16:24:01.588" level="INFO">Argument types are:
&lt;class 'int'&gt;
&lt;class 'str'&gt;</msg>
<status status="PASS" starttime="20250504 16:24:01.588" endtime="20250504 16:24:01.588"/>
</kw>
<kw name="Convert String To Json" library="JSONLibrary">
<var>${response_json}</var>
<arg>${response.text}</arg>
<doc>Convert String to JSON object</doc>
<msg timestamp="20250504 16:24:01.589" level="INFO">${response_json} = {'current_page': 1, 'data': [{'id': '01JTD4YSMBVYZVV6GCDWR5CM1G', 'name': 'Combination Pliers', 'description': 'Lorem ipsum dolor sit amet, consectetur adipiscing elit. Mauris viverra felis nec pellen...</msg>
<status status="PASS" starttime="20250504 16:24:01.588" endtime="20250504 16:24:01.589"/>
</kw>
<kw name="Get Value From Json" library="JSONLibrary">
<var>${data_list}</var>
<arg>${response_json}</arg>
<arg>data</arg>
<doc>Get Value From JSON using JSONPath</doc>
<msg timestamp="20250504 16:24:01.602" level="INFO">${data_list} = [[{'id': '01JTD4YSMBVYZVV6GCDWR5CM1G', 'name': 'Combination Pliers', 'description': 'Lorem ipsum dolor sit amet, consectetur adipiscing elit. Mauris viverra felis nec pellentesque feugiat. Donec fauci...</msg>
<status status="PASS" starttime="20250504 16:24:01.589" endtime="20250504 16:24:01.602"/>
</kw>
<kw name="Get Value From Json" library="JSONLibrary">
<var>${first_product_id_list}</var>
<arg>${response_json}</arg>
<arg>$.data[0].id</arg>
<doc>Get Value From JSON using JSONPath</doc>
<msg timestamp="20250504 16:24:01.612" level="INFO">${first_product_id_list} = ['01JTD4YSMBVYZVV6GCDWR5CM1G']</msg>
<status status="PASS" starttime="20250504 16:24:01.602" endtime="20250504 16:24:01.612"/>
</kw>
<kw name="Set Variable" library="BuiltIn">
<var>${first_product_id}</var>
<arg>${first_product_id_list[0]}</arg>
<doc>Returns the given values which can then be assigned to a variables.</doc>
<msg timestamp="20250504 16:24:01.613" level="INFO">${first_product_id} = 01JTD4YSMBVYZVV6GCDWR5CM1G</msg>
<status status="PASS" starttime="20250504 16:24:01.612" endtime="20250504 16:24:01.613"/>
</kw>
<kw name="GET On Session" library="RequestsLibrary">
<var>${response}</var>
<arg>mysession</arg>
<arg>/products/${first_product_id}</arg>
<doc>Sends a GET request on a previously created HTTP Session.</doc>
<msg timestamp="20250504 16:24:02.496" level="INFO">GET Request : url=https://api.practicesoftwaretesting.com/products/01JTD4YSMBVYZVV6GCDWR5CM1G 
 path_url=/products/01JTD4YSMBVYZVV6GCDWR5CM1G 
 headers={'User-Agent': 'python-requests/2.31.0', 'Accept-Encoding': 'gzip, deflate', 'Accept': '*/*', 'Connection': 'keep-alive'} 
 body=None 
 </msg>
<msg timestamp="20250504 16:24:02.496" level="INFO">GET Response : url=https://api.practicesoftwaretesting.com/products/01JTD4YSMBVYZVV6GCDWR5CM1G 
 status=200, reason=OK 
 headers={'Date': 'Sun, 04 May 2025 08:24:02 GMT', 'Server': 'Apache/2.4.52 (Ubuntu)', 'Charset': 'utf-8', 'Cache-Control': 'no-cache, private', 'Access-Control-Allow-Origin': '*', 'Access-Control-Expose-Headers': 'Content-Disposition', 'Upgrade': 'h2', 'Connection': 'Upgrade, close', 'Vary': 'Accept-Encoding', 'Content-Encoding': 'gzip', 'Content-Length': '721', 'Content-Type': 'application/json;charset=UTF-8'} 
 body={"id":"01JTD4YSMBVYZVV6GCDWR5CM1G","name":"Combination Pliers","description":"Lorem ipsum dolor sit amet, consectetur adipiscing elit. Mauris viverra felis nec pellentesque feugiat. Donec faucibus arcu maximus, convallis nisl eu, placerat dolor. Morbi finibus neque nec tincidunt pharetra. Sed eget tortor malesuada, mollis enim id, condimentum nisi. In viverra quam at bibendum ultricies. Aliquam quis eros ex. Etiam at pretium massa, ut pharetra tortor. Sed vel metus sem. Suspendisse ac molestie turpis. Duis luctus justo massa, faucibus ornare eros elementum et. Vestibulum quis nisl vitae ante dapibus tempor auctor ut leo. Mauris consectetur et magna at ultricies. Proin a aliquet turpis.","price":14.15,"is_location_offer":false,"is_rental":false,"in_stock":true,"product_image":{"id":"01JTD4YSKBTHVF2G70R7PBW8KV","by_name":"Helinton Fantin","by_url":"https:\/\/unsplash.com\/@fantin","source_name":"Unsplash","source_url":"https:\/\/unsplash.com\/photos\/W8BNwvOvW4M","file_name":"pliers01.avif","title":"Combination pliers"},"category":{"id":"01JTD4YSJWKYCN5ZG3G9FQHR69","name":"Pliers","slug":"pliers","parent_id":"01JTD4YSJGGCNKNV9RW9R9679S"},"brand":{"id":"01JTD4YSHN8DEFG2M7GFKJPWWY","name":"ForgeFlex Tools","slug":"forgeflex-tools"}} 
 </msg>
<msg timestamp="20250504 16:24:02.496" level="INFO">/Users/brucelu/Library/Python/3.9/lib/python/site-packages/urllib3/connectionpool.py:1013: InsecureRequestWarning: Unverified HTTPS request is being made to host 'api.practicesoftwaretesting.com'. Adding certificate verification is strongly advised. See: https://urllib3.readthedocs.io/en/1.26.x/advanced-usage.html#ssl-warnings
  warnings.warn(</msg>
<msg timestamp="20250504 16:24:02.496" level="INFO">${response} = &lt;Response [200]&gt;</msg>
<status status="PASS" starttime="20250504 16:24:01.613" endtime="20250504 16:24:02.497"/>
</kw>
<kw name="Should Be Equal As Integers" library="BuiltIn">
<arg>${response.status_code}</arg>
<arg>200</arg>
<arg>msg=Expected 200 OK, got ${response.status_code}. Response: ${response.text}</arg>
<doc>Fails if objects are unequal after converting them to integers.</doc>
<msg timestamp="20250504 16:24:02.499" level="INFO">Argument types are:
&lt;class 'int'&gt;
&lt;class 'str'&gt;</msg>
<status status="PASS" starttime="20250504 16:24:02.497" endtime="20250504 16:24:02.499"/>
</kw>
<kw name="Log To Console" library="BuiltIn">
<arg>Response Status Code: ${response.status_code}</arg>
<doc>Logs the given message to the console.</doc>
<status status="PASS" starttime="20250504 16:24:02.499" endtime="20250504 16:24:02.499"/>
</kw>
<kw name="Convert String To Json" library="JSONLibrary">
<var>${response_json}</var>
<arg>${response.text}</arg>
<doc>Convert String to JSON object</doc>
<msg timestamp="20250504 16:24:02.500" level="INFO">${response_json} = {'id': '01JTD4YSMBVYZVV6GCDWR5CM1G', 'name': 'Combination Pliers', 'description': 'Lorem ipsum dolor sit amet, consectetur adipiscing elit. Mauris viverra felis nec pellentesque feugiat. Donec faucibu...</msg>
<status status="PASS" starttime="20250504 16:24:02.500" endtime="20250504 16:24:02.500"/>
</kw>
<kw name="Log To Console" library="BuiltIn">
<arg>Response Body: ${response.text}</arg>
<doc>Logs the given message to the console.</doc>
<status status="PASS" starttime="20250504 16:24:02.500" endtime="20250504 16:24:02.501"/>
</kw>
<kw name="Get Value From Json" library="JSONLibrary">
<var>${returned_id_list}</var>
<arg>${response_json}</arg>
<arg>id</arg>
<doc>Get Value From JSON using JSONPath</doc>
<msg timestamp="20250504 16:24:02.521" level="INFO">${returned_id_list} = ['01JTD4YSMBVYZVV6GCDWR5CM1G']</msg>
<status status="PASS" starttime="20250504 16:24:02.501" endtime="20250504 16:24:02.521"/>
</kw>
<kw name="Set Variable" library="BuiltIn">
<var>${returned_id}</var>
<arg>${first_product_id_list[0]}</arg>
<doc>Returns the given values which can then be assigned to a variables.</doc>
<msg timestamp="20250504 16:24:02.522" level="INFO">${returned_id} = 01JTD4YSMBVYZVV6GCDWR5CM1G</msg>
<status status="PASS" starttime="20250504 16:24:02.521" endtime="20250504 16:24:02.522"/>
</kw>
<kw name="Log To Console" library="BuiltIn">
<arg>Returned ID from response: ${returned_id}, Expected ID from variable: ${first_product_id}</arg>
<doc>Logs the given message to the console.</doc>
<status status="PASS" starttime="20250504 16:24:02.522" endtime="20250504 16:24:02.522"/>
</kw>
<kw name="Should Be Equal" library="BuiltIn">
<arg>${returned_id}</arg>
<arg>${first_product_id}</arg>
<arg>msg=Returned product ID (${returned_id}) does not match requested ID (${first_product_id}).</arg>
<doc>Fails if the given objects are unequal.</doc>
<status status="PASS" starttime="20250504 16:24:02.522" endtime="20250504 16:24:02.522"/>
</kw>
<doc>GET 單一產品 - 有效 ID, 假設選第一個id去檢查</doc>
<tag>case2</tag>
<status status="PASS" starttime="20250504 16:24:00.678" endtime="20250504 16:24:02.523"/>
</test>
<test id="s1-t3" name="GET 特定頁數的產品 - page 參數" line="70">
<kw name="Create Session" library="RequestsLibrary">
<arg>mysession</arg>
<arg>${API_BASE_URL}</arg>
<doc>Create Session: create a HTTP session to a server</doc>
<msg timestamp="20250504 16:24:02.524" level="INFO">Creating Session using : alias=mysession, url=https://api.practicesoftwaretesting.com, headers={},                     cookies={}, auth=None, timeout=None, proxies=None, verify=False,                     debug=0 </msg>
<status status="PASS" starttime="20250504 16:24:02.524" endtime="20250504 16:24:02.524"/>
</kw>
<kw name="Create Dictionary" library="BuiltIn">
<var>${params}</var>
<arg>page=${test_page}</arg>
<doc>Creates and returns a dictionary based on the given ``items``.</doc>
<msg timestamp="20250504 16:24:02.524" level="INFO">${params} = {'page': '3'}</msg>
<status status="PASS" starttime="20250504 16:24:02.524" endtime="20250504 16:24:02.524"/>
</kw>
<kw name="GET On Session" library="RequestsLibrary">
<var>${response}</var>
<arg>mysession</arg>
<arg>/products</arg>
<arg>params=${params}</arg>
<doc>Sends a GET request on a previously created HTTP Session.</doc>
<msg timestamp="20250504 16:24:03.428" level="INFO">GET Request : url=https://api.practicesoftwaretesting.com/products?page=3 
 path_url=/products?page=3 
 headers={'User-Agent': 'python-requests/2.31.0', 'Accept-Encoding': 'gzip, deflate', 'Accept': '*/*', 'Connection': 'keep-alive'} 
 body=None 
 </msg>
<msg timestamp="20250504 16:24:03.428" level="INFO">GET Response : url=https://api.practicesoftwaretesting.com/products?page=3 
 status=200, reason=OK 
 headers={'Date': 'Sun, 04 May 2025 08:24:03 GMT', 'Server': 'Apache/2.4.52 (Ubuntu)', 'Charset': 'utf-8', 'Cache-Control': 'no-cache, private', 'Access-Control-Allow-Origin': '*', 'Access-Control-Expose-Headers': 'Content-Disposition', 'Upgrade': 'h2', 'Connection': 'Upgrade, close', 'Vary': 'Accept-Encoding', 'Content-Encoding': 'gzip', 'Content-Length': '3391', 'Content-Type': 'application/json;charset=UTF-8'} 
 body={"current_page":3,"data":[{"id":"01JTD4YSNAJGS6PSH38YBYDG1F","name":"Chisels Set","description":"Praesent ornare, purus vitae volutpat consectetur, nulla arcu volutpat magna, ac ultrices purus risus ac purus. Aliquam quis massa erat. Etiam vulputate malesuada nunc, eu tempor felis pellentesque et. Aenean sodales neque non justo finibus sodales. Aenean varius imperdiet laoreet. Quisque feugiat interdum lobortis. Morbi dictum nisi tincidunt purus sollicitudin, a pellentesque erat interdum. Aliquam dignissim vel nisi non semper. Sed sagittis dignissim nulla sed porta. Pellentesque suscipit, erat vitae congue faucibus, dolor erat semper felis, sed maximus velit arcu et odio.","price":12.96,"is_location_offer":false,"is_rental":false,"in_stock":true,"product_image":{"id":"01JTD4YSKCFYV8BQVFZW1J9QCX","by_name":"Collab Media","by_url":"https:\/\/unsplash.com\/@collab_media","source_name":"Unsplash","source_url":"https:\/\/unsplash.com\/photos\/a-couple-of-tools-that-are-on-a-table-JQZyN8WJPh0","file_name":"chisels01.avif","title":"Chisel"},"category":{"id":"01JTD4YSJWKYCN5ZG3G9FQHR6A","name":"Chisels","slug":"chisels","parent_id":"01JTD4YSJGGCNKNV9RW9R9679S"},"brand":{"id":"01JTD4YSHN8DEFG2M7GFKJPWWZ","name":"MightyCraft Hardware","slug":"mightycraft-hardware"}},{"id":"01JTD4YSNCVB6CB9SFE68TXVMH","name":"Wood Carving Chisels","description":"Fusce cursus cursus leo, nec pharetra turpis mattis porttitor. Ut fringilla, nisl a iaculis dictum, enim ante eleifend nisl, fermentum fringilla ligula nunc quis eros. Donec in magna quis ex placerat dapibus. Vivamus in iaculis elit. Nulla commodo tincidunt urna, sed gravida erat egestas in. Nunc mauris sapien, placerat vitae vehicula quis, sagittis a est. Morbi condimentum vitae enim in hendrerit. Suspendisse est magna, ullamcorper et porta id, auctor eu est. Nulla id magna vestibulum, porttitor tellus porta, maximus libero. Integer pulvinar mauris at posuere interdum. Nam vel ligula placerat, condimentum lacus quis, gravida eros. Curabitur sit amet erat ipsum. Sed ut suscipit sem, ac lacinia purus. Nam dignissim imperdiet dolor, quis efficitur nulla tincidunt non.","price":45.23,"is_location_offer":true,"is_rental":false,"in_stock":true,"product_image":{"id":"01JTD4YSKCFYV8BQVFZW1J9QCY","by_name":"Octavian Iordache","by_url":"https:\/\/unsplash.com\/@octavianiordache","source_name":"Unsplash","source_url":"https:\/\/unsplash.com\/photos\/brown-wooden-wall-mounted-rack-FgP27oU8LWw","file_name":"chisels02.avif","title":"Chisel"},"category":{"id":"01JTD4YSJWKYCN5ZG3G9FQHR6A","name":"Chisels","slug":"chisels","parent_id":"01JTD4YSJGGCNKNV9RW9R9679S"},"brand":{"id":"01JTD4YSHN8DEFG2M7GFKJPWWY","name":"ForgeFlex Tools","slug":"forgeflex-tools"}},{"id":"01JTD4YSNDR02KNM0QPPP5AVS9","name":"Swiss Woodcarving Chisels","description":"Aliquam hendrerit interdum quam sed aliquam. Donec finibus ligula nec nisi bibendum, et bibendum tortor pharetra. Pellentesque eu dui suscipit, maximus risus vitae, rutrum orci. Sed dolor quam, elementum eu erat vel, venenatis eleifend tortor. Sed posuere posuere efficitur. Nam sit amet tortor id metus bibendum lobortis et sit amet odio. Aenean ultricies sapien eget risus lacinia porttitor. Vivamus lorem elit, consequat in sem non, dapibus lacinia justo. Aliquam erat volutpat.","price":22.96,"is_location_offer":false,"is_rental":false,"in_stock":true,"product_image":{"id":"01JTD4YSKCFYV8BQVFZW1J9QCZ","by_name":"Clay Banks","by_url":"https:\/\/unsplash.com\/@claybanks","source_name":"Unsplash","source_url":"https:\/\/unsplash.com\/photos\/brown-wooden-handled-stainless-steel-fork-and-bread-knife-PHO_ilA8dGg","file_name":"chisels03.avif","title":"Chisel"},"category":{"id":"01JTD4YSJWKYCN5ZG3G9FQHR6A","name":"Chisels","slug":"chisels","parent_id":"01JTD4YSJGGCNKNV9RW9R9679S"},"brand":{"id":"01JTD4YSHN8DEFG2M7GFKJPWWY","name":"ForgeFlex Tools","slug":"forgeflex-tools"}},{"id":"01JTD4YSNFEBEB0SK29AX4K448","name":"Tape Measure 7.5m","description":"Mauris commodo lacus eu ante mattis pulvinar. Curabitur porta nibh nec magna viverra, eu feugiat felis semper. Maecenas malesuada lacus a iaculis commodo. Maecenas mollis egestas urna, sed rutrum libero vehicula et. Suspendisse aliquam, lorem a imperdiet fringilla, nulla tortor consequat nibh, quis venenatis sapien dui quis ligula. Integer id nibh vestibulum, imperdiet tellus suscipit, laoreet libero. Pellentesque a nisi et neque vestibulum faucibus in ac leo. Etiam est tellus, feugiat in iaculis vitae, tincidunt sit amet tellus. Nam sit amet nunc justo. Pellentesque feugiat lorem vitae tellus ultrices ultrices. Pellentesque id posuere augue, eget imperdiet turpis. Phasellus nec finibus augue. Quisque tincidunt mi malesuada, placerat nunc ut, dictum nibh.","price":7.23,"is_location_offer":false,"is_rental":false,"in_stock":true,"product_image":{"id":"01JTD4YSKCFYV8BQVFZW1J9QD0","by_name":"Brett Jordan","by_url":"https:\/\/unsplash.com\/@brett_jordan","source_name":"Unsplash","source_url":"https:\/\/unsplash.com\/photos\/blue-and-yellow-measuring-tape-faOPbPmznfQ","file_name":"measure01.avif","title":"Tape Measure 7.5m"},"category":{"id":"01JTD4YSJWKYCN5ZG3G9FQHR6B","name":"Measures","slug":"measures","parent_id":"01JTD4YSJGGCNKNV9RW9R9679S"},"brand":{"id":"01JTD4YSHN8DEFG2M7GFKJPWWY","name":"ForgeFlex Tools","slug":"forgeflex-tools"}},{"id":"01JTD4YSNH5VCFG04WJBNT8Q5H","name":"Measuring Tape","description":"Pellentesque habitant morbi tristique senectus et netus et malesuada fames ac turpis egestas. Nunc eu orci orci. Mauris maximus ligula sed eros faucibus maximus. Aliquam vitae iaculis mi. In sit amet nulla gravida, egestas risus ut, condimentum dolor. Phasellus vulputate, ligula at eleifend congue, mauris justo lobortis justo, id mattis massa orci in quam. Fusce sit amet enim id tellus facilisis fermentum vitae eget velit. Quisque accumsan, libero ut ullamcorper aliquet, orci mauris imperdiet quam, quis ultricies elit elit quis arcu. Integer scelerisque nulla vel magna porttitor commodo.","price":10.07,"is_location_offer":false,"is_rental":false,"in_stock":true,"product_image":{"id":"01JTD4YSKCFYV8BQVFZW1J9QD1","by_name":"Diana Polekhina","by_url":"https:\/\/unsplash.com\/@diana_pole","source_name":"Unsplash","source_url":"https:\/\/unsplash.com\/photos\/silver-and-black-necklace-on-yellow-textile-iUfusOthmgQ","file_name":"measure02.avif","title":"Measuring Tape"},"category":{"id":"01JTD4YSJWKYCN5ZG3G9FQHR6B","name":"Measures","slug":"measures","parent_id":"01JTD4YSJGGCNKNV9RW9R9679S"},"brand":{"id":"01JTD4YSHN8DEFG2M7GFKJPWWY","name":"ForgeFlex Tools","slug":"forgeflex-tools"}},{"id":"01JTD4YSNJBV90J2N8SZPY083A","name":"Tape Measure 5m","description":"Aenean elementum, turpis sed lobortis commodo, arcu massa ullamcorper dolor, vel pretium leo tortor sit amet elit. Curabitur tellus nulla, fermentum vitae pretium in, feugiat vel tellus. Ut non porttitor elit, vel auctor est. Phasellus euismod eu lectus vel tristique. Etiam varius semper eros, a rhoncus erat dignissim vitae. In ut ultricies odio. Donec ultricies rhoncus ipsum, quis ullamcorper justo sodales nec. Integer vulputate facilisis nibh et tincidunt. Aliquam ac tortor augue. Aenean eu nisl rutrum, varius felis rhoncus, blandit justo. Sed gravida, arcu a venenatis dictum, lorem lacus commodo diam, vel pulvinar diam leo nec tellus.","price":12.91,"is_location_offer":false,"is_rental":false,"in_stock":true,"product_image":{"id":"01JTD4YSKCFYV8BQVFZW1J9QD2","by_name":"Immo Wegmann","by_url":"https:\/\/unsplash.com\/@macroman","source_name":"Unsplash","source_url":"https:\/\/unsplash.com\/photos\/yellow-and-black-measuring-tape-1abCQ_3g_UY","file_name":"measure03.avif","title":"Tape Measure 5m"},"category":{"id":"01JTD4YSJWKYCN5ZG3G9FQHR6B","name":"Measures","slug":"measures","parent_id":"01JTD4YSJGGCNKNV9RW9R9679S"},"brand":{"id":"01JTD4YSHN8DEFG2M7GFKJPWWY","name":"ForgeFlex Tools","slug":"forgeflex-tools"}},{"id":"01JTD4YSNM2XZS1BPNMDP0JXGG","name":"Square Ruler","description":"In elementum arcu vel pellentesque dignissim. Praesent est nisl, eleifend a mi at, tempor vehicula libero. Etiam sed tortor luctus, fringilla leo sed, dignissim dui. Integer interdum nunc ac mauris fermentum, nec dapibus ex facilisis. Proin eleifend blandit ipsum. Cras iaculis eget sem ut ornare. Morbi eleifend elementum elit quis ornare. Integer a nulla sit amet dui varius auctor scelerisque at lectus. Donec vitae ipsum ullamcorper, rutrum ex vel, suscipit nisi. Suspendisse potenti. Cras condimentum erat vel imperdiet gravida.","price":15.75,"is_location_offer":false,"is_rental":false,"in_stock":true,"product_image":{"id":"01JTD4YSKCFYV8BQVFZW1J9QD3","by_name":"Markus Spiske","by_url":"https:\/\/unsplash.com\/@markusspiske","source_name":"Unsplash","source_url":"https:\/\/unsplash.com\/photos\/brown-ruler-with-stand-pwpVGQ-A5qI","file_name":"measure04.avif","title":"Square Ruler"},"category":{"id":"01JTD4YSJWKYCN5ZG3G9FQHR6B","name":"Measures","slug":"measures","parent_id":"01JTD4YSJGGCNKNV9RW9R9679S"},"brand":{"id":"01JTD4YSHN8DEFG2M7GFKJPWWY","name":"ForgeFlex Tools","slug":"forgeflex-tools"}},{"id":"01JTD4YSNP9F8V8902FGQF0E6J","name":"Safety Goggles","description":"Sed urna lectus, commodo ut dolor finibus, condimentum posuere purus. Phasellus faucibus, ex in congue mattis, purus ipsum tristique sem, vitae elementum arcu metus nec lacus. Fusce convallis tellus ornare metus hendrerit pellentesque. In porta leo in iaculis eleifend. Duis in diam ut ante finibus condimentum non eget massa. Suspendisse potenti. Donec justo ligula, scelerisque ac facilisis eu, sollicitudin eu lectus. Mauris hendrerit fermentum sapien.","price":24.26,"is_location_offer":false,"is_rental":false,"in_stock":true,"product_image":{"id":"01JTD4YSKCFYV8BQVFZW1J9QD4","by_name":"wilson montoya","by_url":"https:\/\/unsplash.com\/@dogblack22","source_name":"Unsplash","source_url":"https:\/\/unsplash.com\/photos\/black-framed-sunglasses-with-yellow-lens-Cf_d_nDtOcM","file_name":"goggles01.avif","title":"Safety Goggles"},"c... (set the log level to DEBUG or TRACE to see the full content) 
 </msg>
<msg timestamp="20250504 16:24:03.428" level="INFO">/Users/brucelu/Library/Python/3.9/lib/python/site-packages/urllib3/connectionpool.py:1013: InsecureRequestWarning: Unverified HTTPS request is being made to host 'api.practicesoftwaretesting.com'. Adding certificate verification is strongly advised. See: https://urllib3.readthedocs.io/en/1.26.x/advanced-usage.html#ssl-warnings
  warnings.warn(</msg>
<msg timestamp="20250504 16:24:03.429" level="INFO">${response} = &lt;Response [200]&gt;</msg>
<status status="PASS" starttime="20250504 16:24:02.524" endtime="20250504 16:24:03.429"/>
</kw>
<kw name="Should Be Equal As Integers" library="BuiltIn">
<arg>${response.status_code}</arg>
<arg>200</arg>
<doc>Fails if objects are unequal after converting them to integers.</doc>
<msg timestamp="20250504 16:24:03.430" level="INFO">Argument types are:
&lt;class 'int'&gt;
&lt;class 'str'&gt;</msg>
<status status="PASS" starttime="20250504 16:24:03.429" endtime="20250504 16:24:03.430"/>
</kw>
<kw name="Convert String To Json" library="JSONLibrary">
<var>${response_json}</var>
<arg>${response.text}</arg>
<doc>Convert String to JSON object</doc>
<msg timestamp="20250504 16:24:03.431" level="INFO">${response_json} = {'current_page': 3, 'data': [{'id': '01JTD4YSNAJGS6PSH38YBYDG1F', 'name': 'Chisels Set', 'description': 'Praesent ornare, purus vitae volutpat consectetur, nulla arcu volutpat magna, ac ultrices purus...</msg>
<status status="PASS" starttime="20250504 16:24:03.431" endtime="20250504 16:24:03.431"/>
</kw>
<kw name="Dictionary Should Contain Key" library="Collections">
<arg>${response_json}</arg>
<arg>current_page</arg>
<doc>Fails if ``key`` is not found from ``dictionary``.</doc>
<status status="PASS" starttime="20250504 16:24:03.432" endtime="20250504 16:24:03.432"/>
</kw>
<kw name="Dictionary Should Contain Key" library="Collections">
<arg>${response_json}</arg>
<arg>data</arg>
<doc>Fails if ``key`` is not found from ``dictionary``.</doc>
<status status="PASS" starttime="20250504 16:24:03.432" endtime="20250504 16:24:03.432"/>
</kw>
<kw name="Dictionary Should Contain Key" library="Collections">
<arg>${response_json}</arg>
<arg>from</arg>
<doc>Fails if ``key`` is not found from ``dictionary``.</doc>
<status status="PASS" starttime="20250504 16:24:03.432" endtime="20250504 16:24:03.432"/>
</kw>
<kw name="Dictionary Should Contain Key" library="Collections">
<arg>${response_json}</arg>
<arg>last_page</arg>
<doc>Fails if ``key`` is not found from ``dictionary``.</doc>
<status status="PASS" starttime="20250504 16:24:03.432" endtime="20250504 16:24:03.432"/>
</kw>
<kw name="Dictionary Should Contain Key" library="Collections">
<arg>${response_json}</arg>
<arg>per_page</arg>
<doc>Fails if ``key`` is not found from ``dictionary``.</doc>
<status status="PASS" starttime="20250504 16:24:03.433" endtime="20250504 16:24:03.433"/>
</kw>
<kw name="Dictionary Should Contain Key" library="Collections">
<arg>${response_json}</arg>
<arg>to</arg>
<doc>Fails if ``key`` is not found from ``dictionary``.</doc>
<status status="PASS" starttime="20250504 16:24:03.433" endtime="20250504 16:24:03.433"/>
</kw>
<kw name="Dictionary Should Contain Key" library="Collections">
<arg>${response_json}</arg>
<arg>total</arg>
<doc>Fails if ``key`` is not found from ``dictionary``.</doc>
<status status="PASS" starttime="20250504 16:24:03.433" endtime="20250504 16:24:03.433"/>
</kw>
<kw name="Should Be Equal As Integers" library="BuiltIn">
<arg>${response_json['current_page']}</arg>
<arg>${test_page}</arg>
<arg>msg=Current page value is incorrect.</arg>
<doc>Fails if objects are unequal after converting them to integers.</doc>
<msg timestamp="20250504 16:24:03.434" level="INFO">Argument types are:
&lt;class 'int'&gt;
&lt;class 'str'&gt;</msg>
<status status="PASS" starttime="20250504 16:24:03.433" endtime="20250504 16:24:03.434"/>
</kw>
<kw name="Get Value From Json" library="JSONLibrary">
<var>${data_list}</var>
<arg>${response_json}</arg>
<arg>data</arg>
<doc>Get Value From JSON using JSONPath</doc>
<msg timestamp="20250504 16:24:03.456" level="INFO">${data_list} = [[{'id': '01JTD4YSNAJGS6PSH38YBYDG1F', 'name': 'Chisels Set', 'description': 'Praesent ornare, purus vitae volutpat consectetur, nulla arcu volutpat magna, ac ultrices purus risus ac purus. Aliquam qu...</msg>
<status status="PASS" starttime="20250504 16:24:03.434" endtime="20250504 16:24:03.456"/>
</kw>
<kw name="Should Not Be Empty" library="BuiltIn">
<arg>${data_list}</arg>
<arg>msg=Data array should not be empty for this page.</arg>
<doc>Verifies that the given item is not empty.</doc>
<msg timestamp="20250504 16:24:03.457" level="INFO">Length is 1</msg>
<status status="PASS" starttime="20250504 16:24:03.456" endtime="20250504 16:24:03.457"/>
</kw>
<kw name="Get Page Total" library="api.page">
<var>${total_page}</var>
<kw name="Create Session" library="RequestsLibrary">
<arg>mysession</arg>
<arg>${API_BASE_URL}</arg>
<doc>Create Session: create a HTTP session to a server</doc>
<msg timestamp="20250504 16:24:03.457" level="INFO">Creating Session using : alias=mysession, url=https://api.practicesoftwaretesting.com, headers={},                     cookies={}, auth=None, timeout=None, proxies=None, verify=False,                     debug=0 </msg>
<status status="PASS" starttime="20250504 16:24:03.457" endtime="20250504 16:24:03.457"/>
</kw>
<kw name="GET On Session" library="RequestsLibrary">
<var>${response}</var>
<arg>mysession</arg>
<arg>/products</arg>
<doc>Sends a GET request on a previously created HTTP Session.</doc>
<msg timestamp="20250504 16:24:04.367" level="INFO">GET Request : url=https://api.practicesoftwaretesting.com/products 
 path_url=/products 
 headers={'User-Agent': 'python-requests/2.31.0', 'Accept-Encoding': 'gzip, deflate', 'Accept': '*/*', 'Connection': 'keep-alive'} 
 body=None 
 </msg>
<msg timestamp="20250504 16:24:04.367" level="INFO">GET Response : url=https://api.practicesoftwaretesting.com/products 
 status=200, reason=OK 
 headers={'Date': 'Sun, 04 May 2025 08:24:04 GMT', 'Server': 'Apache/2.4.52 (Ubuntu)', 'Charset': 'utf-8', 'Cache-Control': 'no-cache, private', 'Access-Control-Allow-Origin': '*', 'Access-Control-Expose-Headers': 'Content-Disposition', 'Upgrade': 'h2', 'Connection': 'Upgrade, close', 'Vary': 'Accept-Encoding', 'Content-Encoding': 'gzip', 'Content-Length': '3378', 'Content-Type': 'application/json;charset=UTF-8'} 
 body={"current_page":1,"data":[{"id":"01JTD4YSMBVYZVV6GCDWR5CM1G","name":"Combination Pliers","description":"Lorem ipsum dolor sit amet, consectetur adipiscing elit. Mauris viverra felis nec pellentesque feugiat. Donec faucibus arcu maximus, convallis nisl eu, placerat dolor. Morbi finibus neque nec tincidunt pharetra. Sed eget tortor malesuada, mollis enim id, condimentum nisi. In viverra quam at bibendum ultricies. Aliquam quis eros ex. Etiam at pretium massa, ut pharetra tortor. Sed vel metus sem. Suspendisse ac molestie turpis. Duis luctus justo massa, faucibus ornare eros elementum et. Vestibulum quis nisl vitae ante dapibus tempor auctor ut leo. Mauris consectetur et magna at ultricies. Proin a aliquet turpis.","price":14.15,"is_location_offer":false,"is_rental":false,"in_stock":true,"product_image":{"id":"01JTD4YSKBTHVF2G70R7PBW8KV","by_name":"Helinton Fantin","by_url":"https:\/\/unsplash.com\/@fantin","source_name":"Unsplash","source_url":"https:\/\/unsplash.com\/photos\/W8BNwvOvW4M","file_name":"pliers01.avif","title":"Combination pliers"},"category":{"id":"01JTD4YSJWKYCN5ZG3G9FQHR69","name":"Pliers","slug":"pliers","parent_id":"01JTD4YSJGGCNKNV9RW9R9679S"},"brand":{"id":"01JTD4YSHN8DEFG2M7GFKJPWWY","name":"ForgeFlex Tools","slug":"forgeflex-tools"}},{"id":"01JTD4YSME4DPZ6YJGGD6ZZZNX","name":"Pliers","description":"Nunc vulputate, orci at congue faucibus, enim neque sodales nulla, nec imperdiet augue odio vel nibh. Etiam auctor, ligula quis gravida dictum, mi massa commodo ante, sollicitudin pulvinar nulla justo hendrerit lacus. Vivamus rutrum pharetra molestie. Fusce tristique odio tristique, elementum est eget, porttitor diam. Orci varius natoque penatibus et magnis dis parturient montes, nascetur ridiculus mus. Maecenas at ligula sed sapien porta pretium. Aenean cursus, magna in blandit consectetur, libero orci aliquet eros, et maximus nunc est eu dolor. Aenean non pellentesque eros. In sodales orci eget orci fringilla, vitae feugiat elit porta. Etiam aliquam, mi pretium tempus mattis, mauris ipsum gravida risus, at tempor nulla ipsum molestie ligula. Ut placerat, urna sit amet tincidunt volutpat, ex orci luctus purus, nec laoreet dolor sapien vel erat.","price":12.01,"is_location_offer":false,"is_rental":false,"in_stock":true,"product_image":{"id":"01JTD4YSKBTHVF2G70R7PBW8KW","by_name":"Everyday basics","by_url":"https:\/\/unsplash.com\/@zanardi","source_name":"Unsplash","source_url":"https:\/\/unsplash.com\/photos\/I8eTuMmxIfo","file_name":"pliers02.avif","title":"Pliers"},"category":{"id":"01JTD4YSJWKYCN5ZG3G9FQHR69","name":"Pliers","slug":"pliers","parent_id":"01JTD4YSJGGCNKNV9RW9R9679S"},"brand":{"id":"01JTD4YSHN8DEFG2M7GFKJPWWY","name":"ForgeFlex Tools","slug":"forgeflex-tools"}},{"id":"01JTD4YSMGRWPW72JTX5DVVSG0","name":"Bolt Cutters","description":"Aliquam viverra scelerisque tempus. Ut vehicula, ex sed elementum rhoncus, sem neque vehicula turpis, sit amet accumsan mauris justo non magna. Cras ut vulputate lectus, sit amet sollicitudin enim. Quisque sit amet turpis ut orci pulvinar vestibulum non at velit. Quisque ultrices malesuada felis non rutrum. Sed molestie lobortis nisl, in varius arcu dictum vel. In sit amet fringilla orci. Quisque ac magna dui. Nam pulvinar nulla sed commodo ultricies. Suspendisse aliquet quis eros sit amet gravida. Aenean vitae arcu in sapien sodales commodo.","price":48.41,"is_location_offer":true,"is_rental":false,"in_stock":true,"product_image":{"id":"01JTD4YSKBTHVF2G70R7PBW8KX","by_name":"Michael Dziedzic","by_url":"https:\/\/unsplash.com\/@lazycreekimages","source_name":"Unsplash","source_url":"https:\/\/unsplash.com\/photos\/pM9pkc9J918","file_name":"pliers03.avif","title":"Bolt cutters"},"category":{"id":"01JTD4YSJWKYCN5ZG3G9FQHR69","name":"Pliers","slug":"pliers","parent_id":"01JTD4YSJGGCNKNV9RW9R9679S"},"brand":{"id":"01JTD4YSHN8DEFG2M7GFKJPWWZ","name":"MightyCraft Hardware","slug":"mightycraft-hardware"}},{"id":"01JTD4YSMJDSJX3539NQ54ZE03","name":"Long Nose Pliers","description":"Phasellus consequat fermentum quam id sodales. Curabitur nec dui orci. Fusce id turpis laoreet, lobortis ex non, finibus libero. Vivamus id enim eu nibh placerat maximus. Aenean semper dui a laoreet venenatis. Vestibulum at ligula quam. Donec interdum tristique neque lacinia laoreet. Sed auctor fermentum congue. Integer aliquet vulputate feugiat. Quisque malesuada diam iaculis ornare maximus. Mauris quam massa, sodales at mattis non, consectetur eget magna. Aliquam eget congue metus, sed congue leo. Nam sit amet est id ligula volutpat pharetra non id nisl. Vestibulum ac enim vitae nisi tempus cursus. Aliquam erat volutpat.","price":14.24,"is_location_offer":false,"is_rental":false,"in_stock":false,"product_image":{"id":"01JTD4YSKBTHVF2G70R7PBW8KY","by_name":"Brett Jordan","by_url":"https:\/\/unsplash.com\/@brett_jordan","source_name":"Unsplash","source_url":"https:\/\/unsplash.com\/photos\/GamuDTVm02g","file_name":"pliers04.avif","title":"Long nose pliers"},"category":{"id":"01JTD4YSJWKYCN5ZG3G9FQHR69","name":"Pliers","slug":"pliers","parent_id":"01JTD4YSJGGCNKNV9RW9R9679S"},"brand":{"id":"01JTD4YSHN8DEFG2M7GFKJPWWZ","name":"MightyCraft Hardware","slug":"mightycraft-hardware"}},{"id":"01JTD4YSMMS9J92KFXFP7AK3K1","name":"Slip Joint Pliers","description":"Ut cursus dui non ante convallis, facilisis auctor leo luctus. Maecenas a rhoncus metus. Sed in efficitur dolor, vulputate accumsan odio. Sed ex quam, dictum in fringilla at, vestibulum eu sem. Quisque ante orci, vulputate non porttitor eu, aliquet et nunc. Nunc a rhoncus dui. Nunc ac est non eros scelerisque maximus at a eros. Phasellus sed egestas diam, at tempus erat. Morbi sit amet congue tellus, at accumsan magna. Etiam non ornare nisl, sed luctus nisi. Pellentesque ut odio ut sapien aliquet eleifend.","price":9.17,"is_location_offer":false,"is_rental":false,"in_stock":true,"product_image":{"id":"01JTD4YSKBTHVF2G70R7PBW8KZ","by_name":"Yasin Hasan","by_url":"https:\/\/unsplash.com\/@yasin","source_name":"Unsplash","source_url":"https:\/\/unsplash.com\/photos\/dwlxTSpfKXg","file_name":"pliers05.avif","title":"Slip joint pliers"},"category":{"id":"01JTD4YSJWKYCN5ZG3G9FQHR69","name":"Pliers","slug":"pliers","parent_id":"01JTD4YSJGGCNKNV9RW9R9679S"},"brand":{"id":"01JTD4YSHN8DEFG2M7GFKJPWWZ","name":"MightyCraft Hardware","slug":"mightycraft-hardware"}},{"id":"01JTD4YSMP9QMETZ97DXTQCWWD","name":"Claw Hammer with Shock Reduction Grip","description":"Nam efficitur, turpis molestie bibendum lobortis, risus arcu congue tortor, id consequat nibh sem a libero. Pellentesque habitant morbi tristique senectus et netus et malesuada fames ac turpis egestas. Aenean non tincidunt tortor, vel ultricies tortor. Vivamus pulvinar efficitur arcu sit amet accumsan. Aenean dui erat, bibendum at dapibus in, feugiat non eros. Duis sodales felis ex, quis ullamcorper odio interdum non. Ut viverra magna eu augue luctus, quis convallis lectus auctor. Duis ultrices erat urna. Aliquam augue odio, mattis vitae finibus in, pellentesque nec dui. Curabitur nec odio in augue posuere posuere. Vivamus ante est, iaculis ut interdum et, hendrerit ac ante. Fusce ac venenatis neque, id fermentum nulla. Quisque tristique ornare nisi, vitae convallis dui faucibus quis. Vestibulum vel dapibus dolor.","price":13.41,"is_location_offer":true,"is_rental":false,"in_stock":true,"product_image":{"id":"01JTD4YSKBTHVF2G70R7PBW8M0","by_name":"iMattSmart","by_url":"https:\/\/unsplash.com\/@imattsmart","source_name":"Unsplash","source_url":"https:\/\/unsplash.com\/photos\/jaLaLQdkBOE","file_name":"hammer01.avif","title":"Claw Hammer"},"category":{"id":"01JTD4YSJWKYCN5ZG3G9FQHR65","name":"Hammer","slug":"hammer","parent_id":"01JTD4YSJGGCNKNV9RW9R9679S"},"brand":{"id":"01JTD4YSHN8DEFG2M7GFKJPWWY","name":"ForgeFlex Tools","slug":"forgeflex-tools"}},{"id":"01JTD4YSMR58RXQTKGD69YK3NP","name":"Hammer","description":"Mauris mollis odio est, ac vehicula dui lobortis vel. Cras facilisis, mauris ut vehicula dignissim, ex nunc sollicitudin velit, a fermentum mi odio ut massa. Lorem ipsum dolor sit amet, consectetur adipiscing elit. Praesent a sapien vel libero fermentum rhoncus. Etiam ac imperdiet arcu, ac accumsan risus. Fusce vitae lacinia sem, sit amet sagittis lorem. Curabitur efficitur ultricies sem, eu placerat ante tincidunt a. Morbi faucibus ullamcorper mi a mollis. Aenean sed magna aliquam, mollis dui at, condimentum ex. Donec blandit bibendum enim, lacinia vestibulum tellus laoreet sollicitudin. In vitae ullamcorper metus, ut interdum augue. Class aptent taciti sociosqu ad litora torquent per conubia nostra, per inceptos himenaeos. Nullam scelerisque dignissim varius. Nulla facilisi. Praesent eros dolor, ultricies sit amet pellentesque porttitor, pretium ut lectus. Nullam tempus tellus sapien, non condimentum mauris volutpat eget.","price":12.58,"is_location_offer":false,"is_rental":false,"in_stock":true,"product_image":{"id":"01JTD4YSKBTHVF2G70R7PBW8M1","by_name":"Jozsef Hocza","by_url":"https:\/\/unsplash.com\/@hocza","source_name":"Unsplash","source_url":"https:\/\/unsplash.com\/photos\/D3nouOYbALc","file_name":"hammer02.avif","title":"Hammer"},"category":{"id":"01JTD4YSJWKYCN5ZG3G9FQHR65","name":"Hammer","slug":"hammer","parent_id":"01JTD4YSJGGCNKNV9RW9R9679S"},"brand":{"id":"01JTD4YSHN8DEFG2M7GFKJPWWY","name":"ForgeFlex Tools","slug":"forgeflex-tools"}},{"id":"01JTD4YSMS8Q094G1P4MQHNCV4","name":"Claw Hammer","description":"Cras pulvinar nisl a quam fringilla tempus. Sed lectus urna, mattis quis arcu eget, aliquam laoreet mauris. Praesent accumsan facilisis eros, ac mattis nulla interdum nec. Phasellus ultrices eu metus in lobortis. Donec ac efficitur orci. Phasellus nulla neque, congue nec tincidunt id, ultrices vel sapien. Curabitur gravida ex leo, laoreet mollis arcu blandit vel.","price":11.48,"is_location_offer":true,"is_rental":false,"in_stock":true,"product_image":{"id":"01JTD4YSKBTHVF2G70R7PBW8M2","by_name":"Andrew George","by_url":"https:\/\/unsplash.com\/@andrewjoegeorge","... (set the log level to DEBUG or TRACE to see the full content) 
 </msg>
<msg timestamp="20250504 16:24:04.368" level="INFO">/Users/brucelu/Library/Python/3.9/lib/python/site-packages/urllib3/connectionpool.py:1013: InsecureRequestWarning: Unverified HTTPS request is being made to host 'api.practicesoftwaretesting.com'. Adding certificate verification is strongly advised. See: https://urllib3.readthedocs.io/en/1.26.x/advanced-usage.html#ssl-warnings
  warnings.warn(</msg>
<msg timestamp="20250504 16:24:04.368" level="INFO">${response} = &lt;Response [200]&gt;</msg>
<status status="PASS" starttime="20250504 16:24:03.457" endtime="20250504 16:24:04.368"/>
</kw>
<kw name="Should Be Equal As Integers" library="BuiltIn">
<arg>${response.status_code}</arg>
<arg>200</arg>
<arg>msg=Expected 200, got ${response.status_code}. Response: ${response.text}</arg>
<doc>Fails if objects are unequal after converting them to integers.</doc>
<msg timestamp="20250504 16:24:04.370" level="INFO">Argument types are:
&lt;class 'int'&gt;
&lt;class 'str'&gt;</msg>
<status status="PASS" starttime="20250504 16:24:04.368" endtime="20250504 16:24:04.370"/>
</kw>
<kw name="Convert String To Json" library="JSONLibrary">
<var>${response_json}</var>
<arg>${response.text}</arg>
<doc>Convert String to JSON object</doc>
<msg timestamp="20250504 16:24:04.371" level="INFO">${response_json} = {'current_page': 1, 'data': [{'id': '01JTD4YSMBVYZVV6GCDWR5CM1G', 'name': 'Combination Pliers', 'description': 'Lorem ipsum dolor sit amet, consectetur adipiscing elit. Mauris viverra felis nec pellen...</msg>
<status status="PASS" starttime="20250504 16:24:04.370" endtime="20250504 16:24:04.371"/>
</kw>
<kw name="Get From Dictionary" library="Collections">
<var>${total}</var>
<arg>${response_json}</arg>
<arg>total</arg>
<doc>Returns a value from the given ``dictionary`` based on the given ``key``.</doc>
<msg timestamp="20250504 16:24:04.372" level="INFO">${total} = 50</msg>
<status status="PASS" starttime="20250504 16:24:04.371" endtime="20250504 16:24:04.372"/>
</kw>
<kw name="Convert To Integer" library="BuiltIn">
<var>${total_page}</var>
<arg>${total}</arg>
<doc>Converts the given item to an integer number.</doc>
<msg timestamp="20250504 16:24:04.372" level="INFO">${total_page} = 50</msg>
<status status="PASS" starttime="20250504 16:24:04.372" endtime="20250504 16:24:04.372"/>
</kw>
<msg timestamp="20250504 16:24:04.372" level="INFO">${total_page} = 50</msg>
<status status="PASS" starttime="20250504 16:24:03.457" endtime="20250504 16:24:04.372"/>
</kw>
<kw name="Should Be Equal" library="BuiltIn">
<arg>${response_json['total']}</arg>
<arg>${total_page}</arg>
<doc>Fails if the given objects are unequal.</doc>
<status status="PASS" starttime="20250504 16:24:04.372" endtime="20250504 16:24:04.373"/>
</kw>
<doc>GET 特定頁數的產品 - page 參數</doc>
<tag>case3</tag>
<status status="PASS" starttime="20250504 16:24:02.523" endtime="20250504 16:24:04.373"/>
</test>
<test id="s1-t4" name="GET 特定價格範圍內的產品 - between 參數 (含分頁)" line="101">
<kw name="Create Session" library="RequestsLibrary">
<arg>mysession</arg>
<arg>${API_BASE_URL}</arg>
<doc>Create Session: create a HTTP session to a server</doc>
<msg timestamp="20250504 16:24:04.377" level="INFO">Creating Session using : alias=mysession, url=https://api.practicesoftwaretesting.com, headers={},                     cookies={}, auth=None, timeout=None, proxies=None, verify=False,                     debug=0 </msg>
<status status="PASS" starttime="20250504 16:24:04.376" endtime="20250504 16:24:04.377"/>
</kw>
<kw name="Verify All Products In Price Range" library="api.page">
<arg>10</arg>
<arg>50</arg>
<kw name="Set Variable" library="BuiltIn">
<var>${page}</var>
<arg>1</arg>
<doc>Returns the given values which can then be assigned to a variables.</doc>
<msg timestamp="20250504 16:24:04.377" level="INFO">${page} = 1</msg>
<status status="PASS" starttime="20250504 16:24:04.377" endtime="20250504 16:24:04.377"/>
</kw>
<kw name="Create List" library="BuiltIn">
<var>${all_prices}</var>
<doc>Returns a list containing given items.</doc>
<msg timestamp="20250504 16:24:04.378" level="INFO">${all_prices} = []</msg>
<status status="PASS" starttime="20250504 16:24:04.378" endtime="20250504 16:24:04.378"/>
</kw>
<while condition="True">
<iter>
<kw name="Create Dictionary" library="BuiltIn">
<var>${params}</var>
<arg>between=price,${min_price},${max_price}</arg>
<arg>page=${page}</arg>
<doc>Creates and returns a dictionary based on the given ``items``.</doc>
<msg timestamp="20250504 16:24:04.378" level="INFO">${params} = {'between': 'price,10,50', 'page': '1'}</msg>
<status status="PASS" starttime="20250504 16:24:04.378" endtime="20250504 16:24:04.378"/>
</kw>
<kw name="GET On Session" library="RequestsLibrary">
<var>${response}</var>
<arg>mysession</arg>
<arg>/products</arg>
<arg>params=${params}</arg>
<doc>Sends a GET request on a previously created HTTP Session.</doc>
<msg timestamp="20250504 16:24:05.190" level="INFO">GET Request : url=https://api.practicesoftwaretesting.com/products?between=price%2C10%2C50&amp;page=1 
 path_url=/products?between=price%2C10%2C50&amp;page=1 
 headers={'User-Agent': 'python-requests/2.31.0', 'Accept-Encoding': 'gzip, deflate', 'Accept': '*/*', 'Connection': 'keep-alive'} 
 body=None 
 </msg>
<msg timestamp="20250504 16:24:05.190" level="INFO">GET Response : url=https://api.practicesoftwaretesting.com/products?between=price%2C10%2C50&amp;page=1 
 status=200, reason=OK 
 headers={'Date': 'Sun, 04 May 2025 08:24:05 GMT', 'Server': 'Apache/2.4.52 (Ubuntu)', 'Charset': 'utf-8', 'Cache-Control': 'no-cache, private', 'Access-Control-Allow-Origin': '*', 'Access-Control-Expose-Headers': 'Content-Disposition', 'Upgrade': 'h2', 'Connection': 'Upgrade, close', 'Vary': 'Accept-Encoding', 'Content-Encoding': 'gzip', 'Content-Length': '3418', 'Content-Type': 'application/json;charset=UTF-8'} 
 body={"current_page":1,"data":[{"id":"01JTD4YSMBVYZVV6GCDWR5CM1G","name":"Combination Pliers","description":"Lorem ipsum dolor sit amet, consectetur adipiscing elit. Mauris viverra felis nec pellentesque feugiat. Donec faucibus arcu maximus, convallis nisl eu, placerat dolor. Morbi finibus neque nec tincidunt pharetra. Sed eget tortor malesuada, mollis enim id, condimentum nisi. In viverra quam at bibendum ultricies. Aliquam quis eros ex. Etiam at pretium massa, ut pharetra tortor. Sed vel metus sem. Suspendisse ac molestie turpis. Duis luctus justo massa, faucibus ornare eros elementum et. Vestibulum quis nisl vitae ante dapibus tempor auctor ut leo. Mauris consectetur et magna at ultricies. Proin a aliquet turpis.","price":14.15,"is_location_offer":false,"is_rental":false,"in_stock":true,"product_image":{"id":"01JTD4YSKBTHVF2G70R7PBW8KV","by_name":"Helinton Fantin","by_url":"https:\/\/unsplash.com\/@fantin","source_name":"Unsplash","source_url":"https:\/\/unsplash.com\/photos\/W8BNwvOvW4M","file_name":"pliers01.avif","title":"Combination pliers"},"category":{"id":"01JTD4YSJWKYCN5ZG3G9FQHR69","name":"Pliers","slug":"pliers","parent_id":"01JTD4YSJGGCNKNV9RW9R9679S"},"brand":{"id":"01JTD4YSHN8DEFG2M7GFKJPWWY","name":"ForgeFlex Tools","slug":"forgeflex-tools"}},{"id":"01JTD4YSME4DPZ6YJGGD6ZZZNX","name":"Pliers","description":"Nunc vulputate, orci at congue faucibus, enim neque sodales nulla, nec imperdiet augue odio vel nibh. Etiam auctor, ligula quis gravida dictum, mi massa commodo ante, sollicitudin pulvinar nulla justo hendrerit lacus. Vivamus rutrum pharetra molestie. Fusce tristique odio tristique, elementum est eget, porttitor diam. Orci varius natoque penatibus et magnis dis parturient montes, nascetur ridiculus mus. Maecenas at ligula sed sapien porta pretium. Aenean cursus, magna in blandit consectetur, libero orci aliquet eros, et maximus nunc est eu dolor. Aenean non pellentesque eros. In sodales orci eget orci fringilla, vitae feugiat elit porta. Etiam aliquam, mi pretium tempus mattis, mauris ipsum gravida risus, at tempor nulla ipsum molestie ligula. Ut placerat, urna sit amet tincidunt volutpat, ex orci luctus purus, nec laoreet dolor sapien vel erat.","price":12.01,"is_location_offer":false,"is_rental":false,"in_stock":true,"product_image":{"id":"01JTD4YSKBTHVF2G70R7PBW8KW","by_name":"Everyday basics","by_url":"https:\/\/unsplash.com\/@zanardi","source_name":"Unsplash","source_url":"https:\/\/unsplash.com\/photos\/I8eTuMmxIfo","file_name":"pliers02.avif","title":"Pliers"},"category":{"id":"01JTD4YSJWKYCN5ZG3G9FQHR69","name":"Pliers","slug":"pliers","parent_id":"01JTD4YSJGGCNKNV9RW9R9679S"},"brand":{"id":"01JTD4YSHN8DEFG2M7GFKJPWWY","name":"ForgeFlex Tools","slug":"forgeflex-tools"}},{"id":"01JTD4YSMGRWPW72JTX5DVVSG0","name":"Bolt Cutters","description":"Aliquam viverra scelerisque tempus. Ut vehicula, ex sed elementum rhoncus, sem neque vehicula turpis, sit amet accumsan mauris justo non magna. Cras ut vulputate lectus, sit amet sollicitudin enim. Quisque sit amet turpis ut orci pulvinar vestibulum non at velit. Quisque ultrices malesuada felis non rutrum. Sed molestie lobortis nisl, in varius arcu dictum vel. In sit amet fringilla orci. Quisque ac magna dui. Nam pulvinar nulla sed commodo ultricies. Suspendisse aliquet quis eros sit amet gravida. Aenean vitae arcu in sapien sodales commodo.","price":48.41,"is_location_offer":true,"is_rental":false,"in_stock":true,"product_image":{"id":"01JTD4YSKBTHVF2G70R7PBW8KX","by_name":"Michael Dziedzic","by_url":"https:\/\/unsplash.com\/@lazycreekimages","source_name":"Unsplash","source_url":"https:\/\/unsplash.com\/photos\/pM9pkc9J918","file_name":"pliers03.avif","title":"Bolt cutters"},"category":{"id":"01JTD4YSJWKYCN5ZG3G9FQHR69","name":"Pliers","slug":"pliers","parent_id":"01JTD4YSJGGCNKNV9RW9R9679S"},"brand":{"id":"01JTD4YSHN8DEFG2M7GFKJPWWZ","name":"MightyCraft Hardware","slug":"mightycraft-hardware"}},{"id":"01JTD4YSMJDSJX3539NQ54ZE03","name":"Long Nose Pliers","description":"Phasellus consequat fermentum quam id sodales. Curabitur nec dui orci. Fusce id turpis laoreet, lobortis ex non, finibus libero. Vivamus id enim eu nibh placerat maximus. Aenean semper dui a laoreet venenatis. Vestibulum at ligula quam. Donec interdum tristique neque lacinia laoreet. Sed auctor fermentum congue. Integer aliquet vulputate feugiat. Quisque malesuada diam iaculis ornare maximus. Mauris quam massa, sodales at mattis non, consectetur eget magna. Aliquam eget congue metus, sed congue leo. Nam sit amet est id ligula volutpat pharetra non id nisl. Vestibulum ac enim vitae nisi tempus cursus. Aliquam erat volutpat.","price":14.24,"is_location_offer":false,"is_rental":false,"in_stock":false,"product_image":{"id":"01JTD4YSKBTHVF2G70R7PBW8KY","by_name":"Brett Jordan","by_url":"https:\/\/unsplash.com\/@brett_jordan","source_name":"Unsplash","source_url":"https:\/\/unsplash.com\/photos\/GamuDTVm02g","file_name":"pliers04.avif","title":"Long nose pliers"},"category":{"id":"01JTD4YSJWKYCN5ZG3G9FQHR69","name":"Pliers","slug":"pliers","parent_id":"01JTD4YSJGGCNKNV9RW9R9679S"},"brand":{"id":"01JTD4YSHN8DEFG2M7GFKJPWWZ","name":"MightyCraft Hardware","slug":"mightycraft-hardware"}},{"id":"01JTD4YSMP9QMETZ97DXTQCWWD","name":"Claw Hammer with Shock Reduction Grip","description":"Nam efficitur, turpis molestie bibendum lobortis, risus arcu congue tortor, id consequat nibh sem a libero. Pellentesque habitant morbi tristique senectus et netus et malesuada fames ac turpis egestas. Aenean non tincidunt tortor, vel ultricies tortor. Vivamus pulvinar efficitur arcu sit amet accumsan. Aenean dui erat, bibendum at dapibus in, feugiat non eros. Duis sodales felis ex, quis ullamcorper odio interdum non. Ut viverra magna eu augue luctus, quis convallis lectus auctor. Duis ultrices erat urna. Aliquam augue odio, mattis vitae finibus in, pellentesque nec dui. Curabitur nec odio in augue posuere posuere. Vivamus ante est, iaculis ut interdum et, hendrerit ac ante. Fusce ac venenatis neque, id fermentum nulla. Quisque tristique ornare nisi, vitae convallis dui faucibus quis. Vestibulum vel dapibus dolor.","price":13.41,"is_location_offer":true,"is_rental":false,"in_stock":true,"product_image":{"id":"01JTD4YSKBTHVF2G70R7PBW8M0","by_name":"iMattSmart","by_url":"https:\/\/unsplash.com\/@imattsmart","source_name":"Unsplash","source_url":"https:\/\/unsplash.com\/photos\/jaLaLQdkBOE","file_name":"hammer01.avif","title":"Claw Hammer"},"category":{"id":"01JTD4YSJWKYCN5ZG3G9FQHR65","name":"Hammer","slug":"hammer","parent_id":"01JTD4YSJGGCNKNV9RW9R9679S"},"brand":{"id":"01JTD4YSHN8DEFG2M7GFKJPWWY","name":"ForgeFlex Tools","slug":"forgeflex-tools"}},{"id":"01JTD4YSMR58RXQTKGD69YK3NP","name":"Hammer","description":"Mauris mollis odio est, ac vehicula dui lobortis vel. Cras facilisis, mauris ut vehicula dignissim, ex nunc sollicitudin velit, a fermentum mi odio ut massa. Lorem ipsum dolor sit amet, consectetur adipiscing elit. Praesent a sapien vel libero fermentum rhoncus. Etiam ac imperdiet arcu, ac accumsan risus. Fusce vitae lacinia sem, sit amet sagittis lorem. Curabitur efficitur ultricies sem, eu placerat ante tincidunt a. Morbi faucibus ullamcorper mi a mollis. Aenean sed magna aliquam, mollis dui at, condimentum ex. Donec blandit bibendum enim, lacinia vestibulum tellus laoreet sollicitudin. In vitae ullamcorper metus, ut interdum augue. Class aptent taciti sociosqu ad litora torquent per conubia nostra, per inceptos himenaeos. Nullam scelerisque dignissim varius. Nulla facilisi. Praesent eros dolor, ultricies sit amet pellentesque porttitor, pretium ut lectus. Nullam tempus tellus sapien, non condimentum mauris volutpat eget.","price":12.58,"is_location_offer":false,"is_rental":false,"in_stock":true,"product_image":{"id":"01JTD4YSKBTHVF2G70R7PBW8M1","by_name":"Jozsef Hocza","by_url":"https:\/\/unsplash.com\/@hocza","source_name":"Unsplash","source_url":"https:\/\/unsplash.com\/photos\/D3nouOYbALc","file_name":"hammer02.avif","title":"Hammer"},"category":{"id":"01JTD4YSJWKYCN5ZG3G9FQHR65","name":"Hammer","slug":"hammer","parent_id":"01JTD4YSJGGCNKNV9RW9R9679S"},"brand":{"id":"01JTD4YSHN8DEFG2M7GFKJPWWY","name":"ForgeFlex Tools",
[...]
<status status="PASS" starttime="20250504 16:24:31.051" endtime="20250504 16:24:31.052"/>
</kw>
<kw name="Create Dictionary" library="BuiltIn">
<var>${headers}</var>
<arg>Content-Type=application/json</arg>
<doc>Creates and returns a dictionary based on the given ``items``.</doc>
<msg timestamp="20250504 16:24:31.052" level="INFO">${headers} = {'Content-Type': 'application/json'}</msg>
<status status="PASS" starttime="20250504 16:24:31.052" endtime="20250504 16:24:31.052"/>
</kw>
<kw name="Create Dictionary" library="BuiltIn">
<var>${request_body}</var>
<arg>name=AA AA</arg>
<arg>subject=return</arg>
<arg>message=${TRUE}</arg>
<arg>email=AAAA@gmail.com</arg>
<doc>Creates and returns a dictionary based on the given ``items``.</doc>
<msg timestamp="20250504 16:24:31.052" level="INFO">${request_body} = {'name': 'AA AA', 'subject': 'return', 'message': True, 'email': 'AAAA@gmail.com'}</msg>
<status status="PASS" starttime="20250504 16:24:31.052" endtime="20250504 16:24:31.052"/>
</kw>
<kw name="POST On Session" library="RequestsLibrary">
<var>${response}</var>
<arg>mysession</arg>
<arg>/messages</arg>
<arg>json=${request_body}</arg>
<arg>headers=${headers}</arg>
<arg>expected_status=any</arg>
<doc>Sends a POST request on a previously created HTTP Session.</doc>
<msg timestamp="20250504 16:24:31.901" level="INFO">POST Request : url=https://api.practicesoftwaretesting.com/messages 
 path_url=/messages 
 headers={'User-Agent': 'python-requests/2.31.0', 'Accept-Encoding': 'gzip, deflate', 'Accept': '*/*', 'Connection': 'keep-alive', 'Content-Type': 'application/json', 'Content-Length': '82'} 
 body=b'{"name": "AA AA", "subject": "return", "message": true, "email": "AAAA@gmail.com"}' 
 </msg>
<msg timestamp="20250504 16:24:31.901" level="INFO">POST Response : url=https://api.practicesoftwaretesting.com/messages 
 status=422, reason=Unprocessable Content 
 headers={'Date': 'Sun, 04 May 2025 08:24:32 GMT', 'Server': 'Apache/2.4.52 (Ubuntu)', 'Cache-Control': 'no-cache, private', 'Access-Control-Allow-Origin': '*', 'Access-Control-Expose-Headers': 'Content-Disposition', 'Upgrade': 'h2', 'Connection': 'Upgrade, close', 'Transfer-Encoding': 'chunked', 'Content-Type': 'application/json'} 
 body={"message":["The message field must be a string."]} 
 </msg>
<msg timestamp="20250504 16:24:31.901" level="INFO">/Users/brucelu/Library/Python/3.9/lib/python/site-packages/urllib3/connectionpool.py:1013: InsecureRequestWarning: Unverified HTTPS request is being made to host 'api.practicesoftwaretesting.com'. Adding certificate verification is strongly advised. See: https://urllib3.readthedocs.io/en/1.26.x/advanced-usage.html#ssl-warnings
  warnings.warn(</msg>
<msg timestamp="20250504 16:24:31.901" level="INFO">${response} = &lt;Response [422]&gt;</msg>
<status status="PASS" starttime="20250504 16:24:31.053" endtime="20250504 16:24:31.902"/>
</kw>
<kw name="Should Be Equal As Integers" library="BuiltIn">
<arg>${response.status_code}</arg>
<arg>422</arg>
<arg>msg=Expected 422, got ${response.status_code}. Response: ${response.text}</arg>
<doc>Fails if objects are unequal after converting them to integers.</doc>
<msg timestamp="20250504 16:24:31.904" level="INFO">Argument types are:
&lt;class 'int'&gt;
&lt;class 'str'&gt;</msg>
<status status="PASS" starttime="20250504 16:24:31.902" endtime="20250504 16:24:31.904"/>
</kw>
<kw name="Convert String To Json" library="JSONLibrary">
<var>${response_json}</var>
<arg>${response.text}</arg>
<doc>Convert String to JSON object</doc>
<msg timestamp="20250504 16:24:31.905" level="INFO">${response_json} = {'message': ['The message field must be a string.']}</msg>
<status status="PASS" starttime="20250504 16:24:31.905" endtime="20250504 16:24:31.905"/>
</kw>
<kw name="Dictionary Should Contain Key" library="Collections">
<arg>${response_json}</arg>
<arg>message</arg>
<doc>Fails if ``key`` is not found from ``dictionary``.</doc>
<status status="PASS" starttime="20250504 16:24:31.905" endtime="20250504 16:24:31.905"/>
</kw>
<kw name="Set Variable" library="BuiltIn">
<var>${message_error_list}</var>
<arg>${response_json['message']}</arg>
<doc>Returns the given values which can then be assigned to a variables.</doc>
<msg timestamp="20250504 16:24:31.906" level="INFO">${message_error_list} = ['The message field must be a string.']</msg>
<status status="PASS" starttime="20250504 16:24:31.906" endtime="20250504 16:24:31.906"/>
</kw>
<kw name="List Should Contain Value" library="Collections">
<arg>${message_error_list}</arg>
<arg>The message field must be a string.</arg>
<doc>Fails if the ``value`` is not found from ``list``.</doc>
<status status="PASS" starttime="20250504 16:24:31.907" endtime="20250504 16:24:31.907"/>
</kw>
<doc>POST 產品 - object為錯誤的資料型別 - message 為布林值</doc>
<tag>case24</tag>
<status status="PASS" starttime="20250504 16:24:31.049" endtime="20250504 16:24:31.907"/>
</test>
<test id="s1-t23" name="POST 產品 - 包含非預期 object" line="505">
<kw name="Create Session" library="RequestsLibrary">
<arg>mysession</arg>
<arg>${API_BASE_URL}</arg>
<doc>Create Session: create a HTTP session to a server</doc>
<msg timestamp="20250504 16:24:31.909" level="INFO">Creating Session using : alias=mysession, url=https://api.practicesoftwaretesting.com, headers={},                     cookies={}, auth=None, timeout=None, proxies=None, verify=False,                     debug=0 </msg>
<status status="PASS" starttime="20250504 16:24:31.909" endtime="20250504 16:24:31.909"/>
</kw>
<kw name="Create Dictionary" library="BuiltIn">
<var>${headers}</var>
<arg>Content-Type=application/json</arg>
<doc>Creates and returns a dictionary based on the given ``items``.</doc>
<msg timestamp="20250504 16:24:31.910" level="INFO">${headers} = {'Content-Type': 'application/json'}</msg>
<status status="PASS" starttime="20250504 16:24:31.909" endtime="20250504 16:24:31.910"/>
</kw>
<kw name="Create Dictionary" library="BuiltIn">
<var>${request_body}</var>
<arg>name=AA AA</arg>
<arg>subject=return</arg>
<arg>message=Quality is not an act, it is a habit. Strive for excellence every day!</arg>
<arg>email=AAAA@gmail.com</arg>
<arg>mood=happy</arg>
<doc>Creates and returns a dictionary based on the given ``items``.</doc>
<msg timestamp="20250504 16:24:31.910" level="INFO">${request_body} = {'name': 'AA AA', 'subject': 'return', 'message': 'Quality is not an act, it is a habit. Strive for excellence every day!', 'email': 'AAAA@gmail.com', 'mood': 'happy'}</msg>
<status status="PASS" starttime="20250504 16:24:31.910" endtime="20250504 16:24:31.910"/>
</kw>
<kw name="POST On Session" library="RequestsLibrary">
<var>${response}</var>
<arg>mysession</arg>
<arg>/messages</arg>
<arg>json=${request_body}</arg>
<arg>headers=${headers}</arg>
<doc>Sends a POST request on a previously created HTTP Session.</doc>
<msg timestamp="20250504 16:24:32.784" level="INFO">POST Request : url=https://api.practicesoftwaretesting.com/messages 
 path_url=/messages 
 headers={'User-Agent': 'python-requests/2.31.0', 'Accept-Encoding': 'gzip, deflate', 'Accept': '*/*', 'Connection': 'keep-alive', 'Content-Type': 'application/json', 'Content-Length': '167'} 
 body=b'{"name": "AA AA", "subject": "return", "message": "Quality is not an act, it is a habit. Strive for excellence every day!", "email": "AAAA@gmail.com", "mood": "happy"}' 
 </msg>
<msg timestamp="20250504 16:24:32.784" level="INFO">POST Response : url=https://api.practicesoftwaretesting.com/messages 
 status=200, reason=OK 
 headers={'Date': 'Sun, 04 May 2025 08:24:32 GMT', 'Server': 'Apache/2.4.52 (Ubuntu)', 'Charset': 'utf-8', 'Cache-Control': 'no-cache, private', 'Access-Control-Allow-Origin': '*', 'Access-Control-Expose-Headers': 'Content-Disposition', 'Upgrade': 'h2', 'Connection': 'Upgrade, close', 'Vary': 'Accept-Encoding', 'Content-Encoding': 'gzip', 'Content-Length': '199', 'Content-Type': 'application/json;charset=UTF-8'} 
 body={"name":"AA AA","subject":"return","message":"Quality is not an act, it is a habit. Strive for excellence every day!","email":"AAAA@gmail.com","status":"NEW","id":"01jtd6b7eq91a14x6x38eypm1s","created_at":"2025-05-04 08:24:32"} 
 </msg>
<msg timestamp="20250504 16:24:32.784" level="INFO">/Users/brucelu/Library/Python/3.9/lib/python/site-packages/urllib3/connectionpool.py:1013: InsecureRequestWarning: Unverified HTTPS request is being made to host 'api.practicesoftwaretesting.com'. Adding certificate verification is strongly advised. See: https://urllib3.readthedocs.io/en/1.26.x/advanced-usage.html#ssl-warnings
  warnings.warn(</msg>
<msg timestamp="20250504 16:24:32.784" level="INFO">${response} = &lt;Response [200]&gt;</msg>
<status status="PASS" starttime="20250504 16:24:31.910" endtime="20250504 16:24:32.785"/>
</kw>
<kw name="Should Be Equal As Integers" library="BuiltIn">
<arg>${response.status_code}</arg>
<arg>200</arg>
<arg>msg=Expected 200, got ${response.status_code}. Response: ${response.text}</arg>
<doc>Fails if objects are unequal after converting them to integers.</doc>
<msg timestamp="20250504 16:24:32.788" level="INFO">Argument types are:
&lt;class 'int'&gt;
&lt;class 'str'&gt;</msg>
<status status="PASS" starttime="20250504 16:24:32.785" endtime="20250504 16:24:32.788"/>
</kw>
<kw name="Convert String To Json" library="JSONLibrary">
<var>${response_json}</var>
<arg>${response.text}</arg>
<doc>Convert String to JSON object</doc>
<msg timestamp="20250504 16:24:32.789" level="INFO">${response_json} = {'name': 'AA AA', 'subject': 'return', 'message': 'Quality is not an act, it is a habit. Strive for excellence every day!', 'email': 'AAAA@gmail.com', 'status': 'NEW', 'id': '01jtd6b7eq91a14x6x38eypm1...</msg>
<status status="PASS" starttime="20250504 16:24:32.788" endtime="20250504 16:24:32.789"/>
</kw>
<kw name="Dictionary Should Contain Item" library="Collections">
<arg>${response_json}</arg>
<arg>name</arg>
<arg>AA AA</arg>
<doc>An item of ``key`` / ``value`` must be found in a ``dictionary``.</doc>
<status status="PASS" starttime="20250504 16:24:32.789" endtime="20250504 16:24:32.789"/>
</kw>
<kw name="Dictionary Should Contain Item" library="Collections">
<arg>${response_json}</arg>
<arg>subject</arg>
<arg>return</arg>
<doc>An item of ``key`` / ``value`` must be found in a ``dictionary``.</doc>
<status status="PASS" starttime="20250504 16:24:32.790" endtime="20250504 16:24:32.791"/>
</kw>
<kw name="Dictionary Should Contain Item" library="Collections">
<arg>${response_json}</arg>
<arg>message</arg>
<arg>Quality is not an act, it is a habit. Strive for excellence every day!</arg>
<doc>An item of ``key`` / ``value`` must be found in a ``dictionary``.</doc>
<status status="PASS" starttime="20250504 16:24:32.791" endtime="20250504 16:24:32.791"/>
</kw>
<kw name="Dictionary Should Contain Item" library="Collections">
<arg>${response_json}</arg>
<arg>email</arg>
<arg>AAAA@gmail.com</arg>
<doc>An item of ``key`` / ``value`` must be found in a ``dictionary``.</doc>
<status status="PASS" starttime="20250504 16:24:32.791" endtime="20250504 16:24:32.791"/>
</kw>
<kw name="Dictionary Should Contain Item" library="Collections">
<arg>${response_json}</arg>
<arg>status</arg>
<arg>NEW</arg>
<doc>An item of ``key`` / ``value`` must be found in a ``dictionary``.</doc>
<status status="PASS" starttime="20250504 16:24:32.791" endtime="20250504 16:24:32.792"/>
</kw>
<kw name="Dictionary Should Contain Key" library="Collections">
<arg>${response_json}</arg>
<arg>id</arg>
<doc>Fails if ``key`` is not found from ``dictionary``.</doc>
<status status="PASS" starttime="20250504 16:24:32.792" endtime="20250504 16:24:32.792"/>
</kw>
<kw name="Dictionary Should Contain Key" library="Collections">
<arg>${response_json}</arg>
<arg>created_at</arg>
<doc>Fails if ``key`` is not found from ``dictionary``.</doc>
<status status="PASS" starttime="20250504 16:24:32.792" endtime="20250504 16:24:32.792"/>
</kw>
<kw name="Dictionary Should Not Contain Key" library="Collections">
<arg>${response_json}</arg>
<arg>mood</arg>
<doc>Fails if ``key`` is found from ``dictionary``.</doc>
<status status="PASS" starttime="20250504 16:24:32.792" endtime="20250504 16:24:32.792"/>
</kw>
<doc>POST 產品 - 包含非預期 object</doc>
<tag>case25</tag>
<status status="PASS" starttime="20250504 16:24:31.907" endtime="20250504 16:24:32.793"/>
</test>
<test id="s1-t24" name="POST 產品 - Empty Request Body" line="536">
<kw name="Create Session" library="RequestsLibrary">
<arg>mysession</arg>
<arg>${API_BASE_URL}</arg>
<doc>Create Session: create a HTTP session to a server</doc>
<msg timestamp="20250504 16:24:32.794" level="INFO">Creating Session using : alias=mysession, url=https://api.practicesoftwaretesting.com, headers={},                     cookies={}, auth=None, timeout=None, proxies=None, verify=False,                     debug=0 </msg>
<status status="PASS" starttime="20250504 16:24:32.794" endtime="20250504 16:24:32.794"/>
</kw>
<kw name="Create Dictionary" library="BuiltIn">
<var>${headers}</var>
<arg>Content-Type=application/json</arg>
<doc>Creates and returns a dictionary based on the given ``items``.</doc>
<msg timestamp="20250504 16:24:32.795" level="INFO">${headers} = {'Content-Type': 'application/json'}</msg>
<status status="PASS" starttime="20250504 16:24:32.795" endtime="20250504 16:24:32.795"/>
</kw>
<kw name="Create Dictionary" library="BuiltIn">
<var>${request_body}</var>
<doc>Creates and returns a dictionary based on the given ``items``.</doc>
<msg timestamp="20250504 16:24:32.795" level="INFO">${request_body} = {}</msg>
<status status="PASS" starttime="20250504 16:24:32.795" endtime="20250504 16:24:32.795"/>
</kw>
<kw name="POST On Session" library="RequestsLibrary">
<var>${response}</var>
<arg>mysession</arg>
<arg>/messages</arg>
<arg>json=${request_body}</arg>
<arg>headers=${headers}</arg>
<arg>expected_status=any</arg>
<doc>Sends a POST request on a previously created HTTP Session.</doc>
<msg timestamp="20250504 16:24:33.588" level="INFO">POST Request : url=https://api.practicesoftwaretesting.com/messages 
 path_url=/messages 
 headers={'User-Agent': 'python-requests/2.31.0', 'Accept-Encoding': 'gzip, deflate', 'Accept': '*/*', 'Connection': 'keep-alive', 'Content-Type': 'application/json', 'Content-Length': '2'} 
 body=b'{}' 
 </msg>
<msg timestamp="20250504 16:24:33.589" level="INFO">POST Response : url=https://api.practicesoftwaretesting.com/messages 
 status=422, reason=Unprocessable Content 
 headers={'Date': 'Sun, 04 May 2025 08:24:33 GMT', 'Server': 'Apache/2.4.52 (Ubuntu)', 'Cache-Control': 'no-cache, private', 'Access-Control-Allow-Origin': '*', 'Access-Control-Expose-Headers': 'Content-Disposition', 'Upgrade': 'h2', 'Connection': 'Upgrade, close', 'Transfer-Encoding': 'chunked', 'Content-Type': 'application/json'} 
 body={"subject":["The subject field is required."],"message":["The message field is required."]} 
 </msg>
<msg timestamp="20250504 16:24:33.589" level="INFO">/Users/brucelu/Library/Python/3.9/lib/python/site-packages/urllib3/connectionpool.py:1013: InsecureRequestWarning: Unverified HTTPS request is being made to host 'api.practicesoftwaretesting.com'. Adding certificate verification is strongly advised. See: https://urllib3.readthedocs.io/en/1.26.x/advanced-usage.html#ssl-warnings
  warnings.warn(</msg>
<msg timestamp="20250504 16:24:33.589" level="INFO">${response} = &lt;Response [422]&gt;</msg>
<status status="PASS" starttime="20250504 16:24:32.795" endtime="20250504 16:24:33.589"/>
</kw>
<kw name="Should Be Equal As Integers" library="BuiltIn">
<arg>${response.status_code}</arg>
<arg>422</arg>
<arg>msg=Expected 422, got ${response.status_code}. Response: ${response.text}</arg>
<doc>Fails if objects are unequal after converting them to integers.</doc>
<msg timestamp="20250504 16:24:33.593" level="INFO">Argument types are:
&lt;class 'int'&gt;
&lt;class 'str'&gt;</msg>
<status status="PASS" starttime="20250504 16:24:33.590" endtime="20250504 16:24:33.593"/>
</kw>
<kw name="Convert String To Json" library="JSONLibrary">
<var>${response_json}</var>
<arg>${response.text}</arg>
<doc>Convert String to JSON object</doc>
<msg timestamp="20250504 16:24:33.593" level="INFO">${response_json} = {'subject': ['The subject field is required.'], 'message': ['The message field is required.']}</msg>
<status status="PASS" starttime="20250504 16:24:33.593" endtime="20250504 16:24:33.593"/>
</kw>
<kw name="Dictionary Should Contain Key" library="Collections">
<arg>${response_json}</arg>
<arg>subject</arg>
<doc>Fails if ``key`` is not found from ``dictionary``.</doc>
<status status="PASS" starttime="20250504 16:24:33.593" endtime="20250504 16:24:33.594"/>
</kw>
<kw name="Set Variable" library="BuiltIn">
<var>${subject_error_list}</var>
<arg>${response_json['subject']}</arg>
<doc>Returns the given values which can then be assigned to a variables.</doc>
<msg timestamp="20250504 16:24:33.595" level="INFO">${subject_error_list} = ['The subject field is required.']</msg>
<status status="PASS" starttime="20250504 16:24:33.594" endtime="20250504 16:24:33.595"/>
</kw>
<kw name="List Should Contain Value" library="Collections">
<arg>${subject_error_list}</arg>
<arg>The subject field is required.</arg>
<doc>Fails if the ``value`` is not found from ``list``.</doc>
<status status="PASS" starttime="20250504 16:24:33.595" endtime="20250504 16:24:33.595"/>
</kw>
<kw name="Dictionary Should Contain Key" library="Collections">
<arg>${response_json}</arg>
<arg>message</arg>
<doc>Fails if ``key`` is not found from ``dictionary``.</doc>
<status status="PASS" starttime="20250504 16:24:33.595" endtime="20250504 16:24:33.596"/>
</kw>
<kw name="Set Variable" library="BuiltIn">
<var>${message_error_list}</var>
<arg>${response_json['message']}</arg>
<doc>Returns the given values which can then be assigned to a variables.</doc>
<msg timestamp="20250504 16:24:33.596" level="INFO">${message_error_list} = ['The message field is required.']</msg>
<status status="PASS" starttime="20250504 16:24:33.596" endtime="20250504 16:24:33.596"/>
</kw>
<kw name="List Should Contain Value" library="Collections">
<arg>${message_error_list}</arg>
<arg>The message field is required.</arg>
<doc>Fails if the ``value`` is not found from ``list``.</doc>
<status status="PASS" starttime="20250504 16:24:33.597" endtime="20250504 16:24:33.597"/>
</kw>
<doc>POST 產品 - Empty Request Body</doc>
<tag>case26</tag>
<status status="PASS" starttime="20250504 16:24:32.793" endtime="20250504 16:24:33.597"/>
</test>
<doc>API tests</doc>
<status status="FAIL" starttime="20250504 16:23:59.733" endtime="20250504 16:24:33.598"/>
</suite>
<statistics>
<total>
<stat pass="22" fail="2" skip="0">All Tests</stat>
</total>
<tag>
<stat pass="1" fail="0" skip="0">case1</stat>
<stat pass="1" fail="0" skip="0">case12</stat>
<stat pass="1" fail="0" skip="0">case13</stat>
<stat pass="1" fail="0" skip="0">case14</stat>
<stat pass="0" fail="1" skip="0">case15</stat>
<stat pass="0" fail="1" skip="0">case16</stat>
<stat pass="1" fail="0" skip="0">case17</stat>
<stat pass="1" fail="0" skip="0">case18</stat>
<stat pass="1" fail="0" skip="0">case19</stat>
<stat pass="1" fail="0" skip="0">case2</stat>
<stat pass="1" fail="0" skip="0">case20</stat>
<stat pass="1" fail="0" skip="0">case21</stat>
<stat pass="1" fail="0" skip="0">case22</stat>
<stat pass="1" fail="0" skip="0">case23</stat>
<stat pass="1" fail="0" skip="0">case24</stat>
<stat pass="1" fail="0" skip="0">case25</stat>
<stat pass="1" fail="0" skip="0">case26</stat>
<stat pass="1" fail="0" skip="0">case3</stat>
<stat pass="1" fail="0" skip="0">case4</stat>
<stat pass="1" fail="0" skip="0">case5</stat>
<stat pass="1" fail="0" skip="0">case6</stat>
<stat pass="1" fail="0" skip="0">case7</stat>
<stat pass="1" fail="0" skip="0">case8</stat>
<stat pass="1" fail="0" skip="0">case9</stat>
</tag>
<suite>
<stat pass="22" fail="2" skip="0" id="s1" name="Api Test">Api Test</stat>
</suite>
</statistics>
<errors>
</errors>
</robot>
